{"C:\\Users\\299802\\Desktop\\PMS\\PMS-UI\\pharmacy-app\\postcss.config.js": {"path":"C:\\Users\\299802\\Desktop\\PMS\\PMS-UI\\pharmacy-app\\postcss.config.js","all":true,"statementMap":{"0":{"start":{"line":1,"column":0},"end":{"line":1,"column":16}},"1":{"start":{"line":2,"column":0},"end":{"line":2,"column":12}},"2":{"start":{"line":3,"column":0},"end":{"line":3,"column":20}},"3":{"start":{"line":4,"column":0},"end":{"line":4,"column":21}},"4":{"start":{"line":5,"column":0},"end":{"line":5,"column":4}},"5":{"start":{"line":6,"column":0},"end":{"line":6,"column":1}}},"s":{"0":0,"1":0,"2":0,"3":0,"4":0,"5":0},"branchMap":{"0":{"type":"branch","line":1,"loc":{"start":{"line":1,"column":84},"end":{"line":6,"column":1}},"locations":[{"start":{"line":1,"column":84},"end":{"line":6,"column":1}}]}},"b":{"0":[0]},"fnMap":{"0":{"name":"(empty-report)","decl":{"start":{"line":1,"column":84},"end":{"line":6,"column":1}},"loc":{"start":{"line":1,"column":84},"end":{"line":6,"column":1}},"line":1}},"f":{"0":0}}
,"C:\\Users\\299802\\Desktop\\PMS\\PMS-UI\\pharmacy-app\\tailwind.config.js": {"path":"C:\\Users\\299802\\Desktop\\PMS\\PMS-UI\\pharmacy-app\\tailwind.config.js","all":true,"statementMap":{"0":{"start":{"line":1,"column":0},"end":{"line":1,"column":42}},"1":{"start":{"line":2,"column":0},"end":{"line":2,"column":16}},"2":{"start":{"line":3,"column":0},"end":{"line":3,"column":57}},"3":{"start":{"line":4,"column":0},"end":{"line":4,"column":10}},"4":{"start":{"line":5,"column":0},"end":{"line":5,"column":15}},"5":{"start":{"line":6,"column":0},"end":{"line":6,"column":4}},"6":{"start":{"line":7,"column":0},"end":{"line":7,"column":14}},"7":{"start":{"line":8,"column":0},"end":{"line":8,"column":1}}},"s":{"0":0,"1":0,"2":0,"3":0,"4":0,"5":0,"6":0,"7":0},"branchMap":{"0":{"type":"branch","line":1,"loc":{"start":{"line":1,"column":173},"end":{"line":8,"column":1}},"locations":[{"start":{"line":1,"column":173},"end":{"line":8,"column":1}}]}},"b":{"0":[0]},"fnMap":{"0":{"name":"(empty-report)","decl":{"start":{"line":1,"column":173},"end":{"line":8,"column":1}},"loc":{"start":{"line":1,"column":173},"end":{"line":8,"column":1}},"line":1}},"f":{"0":0}}
,"C:\\Users\\299802\\Desktop\\PMS\\PMS-UI\\pharmacy-app\\src\\App.tsx": {"path":"C:\\Users\\299802\\Desktop\\PMS\\PMS-UI\\pharmacy-app\\src\\App.tsx","all":true,"statementMap":{"0":{"start":{"line":1,"column":0},"end":{"line":1,"column":39}},"1":{"start":{"line":2,"column":0},"end":{"line":2,"column":32}},"2":{"start":{"line":3,"column":0},"end":{"line":3,"column":49}},"3":{"start":{"line":4,"column":0},"end":{"line":4,"column":43}},"5":{"start":{"line":6,"column":0},"end":{"line":6,"column":31}},"6":{"start":{"line":7,"column":0},"end":{"line":7,"column":10}},"7":{"start":{"line":8,"column":0},"end":{"line":8,"column":28}},"8":{"start":{"line":9,"column":0},"end":{"line":9,"column":21}},"9":{"start":{"line":10,"column":0},"end":{"line":10,"column":21}},"10":{"start":{"line":11,"column":0},"end":{"line":11,"column":22}},"11":{"start":{"line":12,"column":0},"end":{"line":12,"column":15}},"13":{"start":{"line":14,"column":0},"end":{"line":14,"column":1}}},"s":{"0":0,"1":0,"2":0,"3":0,"5":0,"6":0,"7":0,"8":0,"9":0,"10":0,"11":0,"13":0},"branchMap":{"0":{"type":"branch","line":1,"loc":{"start":{"line":1,"column":342},"end":{"line":14,"column":1}},"locations":[{"start":{"line":1,"column":342},"end":{"line":14,"column":1}}]}},"b":{"0":[0]},"fnMap":{"0":{"name":"(empty-report)","decl":{"start":{"line":1,"column":342},"end":{"line":14,"column":1}},"loc":{"start":{"line":1,"column":342},"end":{"line":14,"column":1}},"line":1}},"f":{"0":0}}
,"C:\\Users\\299802\\Desktop\\PMS\\PMS-UI\\pharmacy-app\\src\\main.tsx": {"path":"C:\\Users\\299802\\Desktop\\PMS\\PMS-UI\\pharmacy-app\\src\\main.tsx","all":true,"statementMap":{"12":{"start":{"line":13,"column":0},"end":{"line":13,"column":26}},"13":{"start":{"line":14,"column":0},"end":{"line":14,"column":40}},"14":{"start":{"line":15,"column":0},"end":{"line":15,"column":39}},"15":{"start":{"line":16,"column":0},"end":{"line":16,"column":62}},"16":{"start":{"line":17,"column":0},"end":{"line":17,"column":24}},"17":{"start":{"line":18,"column":0},"end":{"line":18,"column":43}},"18":{"start":{"line":19,"column":0},"end":{"line":19,"column":21}},"20":{"start":{"line":21,"column":0},"end":{"line":21,"column":67}},"21":{"start":{"line":22,"column":0},"end":{"line":22,"column":12}},"22":{"start":{"line":23,"column":0},"end":{"line":23,"column":26}},"23":{"start":{"line":24,"column":0},"end":{"line":24,"column":54}},"24":{"start":{"line":25,"column":0},"end":{"line":25,"column":13}},"25":{"start":{"line":26,"column":0},"end":{"line":26,"column":18}},"26":{"start":{"line":27,"column":0},"end":{"line":27,"column":13}},"27":{"start":{"line":28,"column":0},"end":{"line":28,"column":2}}},"s":{"12":0,"13":0,"14":0,"15":0,"16":0,"17":0,"18":0,"20":0,"21":0,"22":0,"23":0,"24":0,"25":0,"26":0,"27":0},"branchMap":{"0":{"type":"branch","line":1,"loc":{"start":{"line":1,"column":756},"end":{"line":28,"column":-221}},"locations":[{"start":{"line":1,"column":756},"end":{"line":28,"column":-221}}]}},"b":{"0":[1]},"fnMap":{"0":{"name":"(empty-report)","decl":{"start":{"line":1,"column":756},"end":{"line":28,"column":-221}},"loc":{"start":{"line":1,"column":756},"end":{"line":28,"column":-221}},"line":1}},"f":{"0":1}}
,"C:\\Users\\299802\\Desktop\\PMS\\PMS-UI\\pharmacy-app\\src\\api\\auth.ts": {"path":"C:\\Users\\299802\\Desktop\\PMS\\PMS-UI\\pharmacy-app\\src\\api\\auth.ts","all":true,"statementMap":{"0":{"start":{"line":1,"column":0},"end":{"line":1,"column":34}},"1":{"start":{"line":2,"column":0},"end":{"line":2,"column":40}},"3":{"start":{"line":4,"column":0},"end":{"line":4,"column":85}},"4":{"start":{"line":5,"column":0},"end":{"line":5,"column":59}},"5":{"start":{"line":6,"column":0},"end":{"line":6,"column":45}},"6":{"start":{"line":7,"column":0},"end":{"line":7,"column":1}},"8":{"start":{"line":9,"column":0},"end":{"line":9,"column":36}},"9":{"start":{"line":10,"column":0},"end":{"line":10,"column":48}},"10":{"start":{"line":11,"column":0},"end":{"line":11,"column":45}},"11":{"start":{"line":12,"column":0},"end":{"line":12,"column":1}},"13":{"start":{"line":14,"column":0},"end":{"line":14,"column":35}},"14":{"start":{"line":15,"column":0},"end":{"line":15,"column":35}},"15":{"start":{"line":16,"column":0},"end":{"line":16,"column":1}}},"s":{"0":0,"1":0,"3":0,"4":0,"5":0,"6":0,"8":0,"9":0,"10":0,"11":0,"13":0,"14":0,"15":0},"branchMap":{"0":{"type":"branch","line":1,"loc":{"start":{"line":1,"column":495},"end":{"line":16,"column":1}},"locations":[{"start":{"line":1,"column":495},"end":{"line":16,"column":1}}]}},"b":{"0":[0]},"fnMap":{"0":{"name":"(empty-report)","decl":{"start":{"line":1,"column":495},"end":{"line":16,"column":1}},"loc":{"start":{"line":1,"column":495},"end":{"line":16,"column":1}},"line":1}},"f":{"0":0}}
,"C:\\Users\\299802\\Desktop\\PMS\\PMS-UI\\pharmacy-app\\src\\api\\axiosInstance.ts": {"path":"C:\\Users\\299802\\Desktop\\PMS\\PMS-UI\\pharmacy-app\\src\\api\\axiosInstance.ts","all":true,"statementMap":{"0":{"start":{"line":1,"column":0},"end":{"line":1,"column":26}},"1":{"start":{"line":2,"column":0},"end":{"line":2,"column":33}},"2":{"start":{"line":3,"column":0},"end":{"line":3,"column":64}},"4":{"start":{"line":5,"column":0},"end":{"line":5,"column":26}},"5":{"start":{"line":6,"column":0},"end":{"line":6,"column":36}},"6":{"start":{"line":7,"column":0},"end":{"line":7,"column":29}},"7":{"start":{"line":8,"column":0},"end":{"line":8,"column":50}},"8":{"start":{"line":9,"column":0},"end":{"line":9,"column":3}},"11":{"start":{"line":12,"column":0},"end":{"line":12,"column":42}},"12":{"start":{"line":13,"column":0},"end":{"line":13,"column":50}},"13":{"start":{"line":14,"column":0},"end":{"line":14,"column":14}},"14":{"start":{"line":15,"column":0},"end":{"line":15,"column":53}},"15":{"start":{"line":16,"column":0},"end":{"line":16,"column":3}},"16":{"start":{"line":17,"column":0},"end":{"line":17,"column":16}},"17":{"start":{"line":18,"column":0},"end":{"line":18,"column":3}},"20":{"start":{"line":21,"column":0},"end":{"line":21,"column":30}},"21":{"start":{"line":22,"column":0},"end":{"line":22,"column":25}},"22":{"start":{"line":23,"column":0},"end":{"line":23,"column":20}},"23":{"start":{"line":24,"column":0},"end":{"line":24,"column":41}},"25":{"start":{"line":26,"column":0},"end":{"line":26,"column":68}},"26":{"start":{"line":27,"column":0},"end":{"line":27,"column":36}},"27":{"start":{"line":28,"column":0},"end":{"line":28,"column":66}},"28":{"start":{"line":29,"column":0},"end":{"line":29,"column":57}},"29":{"start":{"line":30,"column":0},"end":{"line":30,"column":59}},"30":{"start":{"line":31,"column":0},"end":{"line":31,"column":69}},"31":{"start":{"line":32,"column":0},"end":{"line":32,"column":36}},"32":{"start":{"line":33,"column":0},"end":{"line":33,"column":7}},"33":{"start":{"line":34,"column":0},"end":{"line":34,"column":31}},"34":{"start":{"line":35,"column":0},"end":{"line":35,"column":5}},"35":{"start":{"line":36,"column":0},"end":{"line":36,"column":33}},"36":{"start":{"line":37,"column":0},"end":{"line":37,"column":3}},"37":{"start":{"line":38,"column":0},"end":{"line":38,"column":2}},"39":{"start":{"line":40,"column":0},"end":{"line":40,"column":19}}},"s":{"0":0,"1":0,"2":0,"4":0,"5":0,"6":0,"7":0,"8":0,"11":0,"12":0,"13":0,"14":0,"15":0,"16":0,"17":0,"20":0,"21":0,"22":0,"23":0,"25":0,"26":0,"27":0,"28":0,"29":0,"30":0,"31":0,"32":0,"33":0,"34":0,"35":0,"36":0,"37":0,"39":0},"branchMap":{"0":{"type":"branch","line":1,"loc":{"start":{"line":1,"column":1213},"end":{"line":40,"column":19}},"locations":[{"start":{"line":1,"column":1213},"end":{"line":40,"column":19}}]}},"b":{"0":[0]},"fnMap":{"0":{"name":"(empty-report)","decl":{"start":{"line":1,"column":1213},"end":{"line":40,"column":19}},"loc":{"start":{"line":1,"column":1213},"end":{"line":40,"column":19}},"line":1}},"f":{"0":0}}
,"C:\\Users\\299802\\Desktop\\PMS\\PMS-UI\\pharmacy-app\\src\\api\\endpoints.ts": {"path":"C:\\Users\\299802\\Desktop\\PMS\\PMS-UI\\pharmacy-app\\src\\api\\endpoints.ts","all":true,"statementMap":{"0":{"start":{"line":1,"column":0},"end":{"line":1,"column":48}},"2":{"start":{"line":3,"column":0},"end":{"line":3,"column":26}},"3":{"start":{"line":4,"column":0},"end":{"line":4,"column":27}},"4":{"start":{"line":5,"column":0},"end":{"line":5,"column":31}},"5":{"start":{"line":6,"column":0},"end":{"line":6,"column":29}},"8":{"start":{"line":9,"column":0},"end":{"line":9,"column":38}},"9":{"start":{"line":10,"column":0},"end":{"line":10,"column":63}},"10":{"start":{"line":11,"column":0},"end":{"line":11,"column":2}}},"s":{"0":0,"2":0,"3":0,"4":0,"5":0,"8":0,"9":0,"10":0},"branchMap":{"0":{"type":"branch","line":1,"loc":{"start":{"line":1,"column":302},"end":{"line":11,"column":2}},"locations":[{"start":{"line":1,"column":302},"end":{"line":11,"column":2}}]}},"b":{"0":[0]},"fnMap":{"0":{"name":"(empty-report)","decl":{"start":{"line":1,"column":302},"end":{"line":11,"column":2}},"loc":{"start":{"line":1,"column":302},"end":{"line":11,"column":2}},"line":1}},"f":{"0":0}}
,"C:\\Users\\299802\\Desktop\\PMS\\PMS-UI\\pharmacy-app\\src\\api\\http.ts": {"path":"C:\\Users\\299802\\Desktop\\PMS\\PMS-UI\\pharmacy-app\\src\\api\\http.ts","all":true,"statementMap":{"0":{"start":{"line":1,"column":0},"end":{"line":1,"column":34}},"2":{"start":{"line":3,"column":0},"end":{"line":3,"column":56}},"3":{"start":{"line":4,"column":0},"end":{"line":4,"column":34}},"4":{"start":{"line":5,"column":0},"end":{"line":5,"column":1}}},"s":{"0":0,"2":0,"3":0,"4":0},"branchMap":{"0":{"type":"branch","line":1,"loc":{"start":{"line":1,"column":133},"end":{"line":5,"column":1}},"locations":[{"start":{"line":1,"column":133},"end":{"line":5,"column":1}}]}},"b":{"0":[0]},"fnMap":{"0":{"name":"(empty-report)","decl":{"start":{"line":1,"column":133},"end":{"line":5,"column":1}},"loc":{"start":{"line":1,"column":133},"end":{"line":5,"column":1}},"line":1}},"f":{"0":0}}
,"C:\\Users\\299802\\Desktop\\PMS\\PMS-UI\\pharmacy-app\\src\\components\\common\\Badge\\Badge.tsx": {"path":"C:\\Users\\299802\\Desktop\\PMS\\PMS-UI\\pharmacy-app\\src\\components\\common\\Badge\\Badge.tsx","all":false,"statementMap":{"16":{"start":{"line":17,"column":0},"end":{"line":17,"column":31}},"18":{"start":{"line":19,"column":0},"end":{"line":19,"column":22}},"19":{"start":{"line":20,"column":0},"end":{"line":20,"column":17}},"22":{"start":{"line":23,"column":0},"end":{"line":23,"column":107}},"24":{"start":{"line":25,"column":0},"end":{"line":25,"column":50}},"25":{"start":{"line":26,"column":0},"end":{"line":26,"column":38}},"26":{"start":{"line":27,"column":0},"end":{"line":27,"column":43}},"27":{"start":{"line":28,"column":0},"end":{"line":28,"column":43}},"28":{"start":{"line":29,"column":0},"end":{"line":29,"column":45}},"29":{"start":{"line":30,"column":0},"end":{"line":30,"column":37}},"30":{"start":{"line":31,"column":0},"end":{"line":31,"column":67}},"31":{"start":{"line":32,"column":0},"end":{"line":32,"column":4}},"34":{"start":{"line":35,"column":0},"end":{"line":35,"column":9}},"35":{"start":{"line":36,"column":0},"end":{"line":36,"column":19}},"36":{"start":{"line":37,"column":0},"end":{"line":37,"column":18}},"38":{"start":{"line":39,"column":0},"end":{"line":39,"column":28}},"39":{"start":{"line":40,"column":0},"end":{"line":40,"column":20}},"40":{"start":{"line":41,"column":0},"end":{"line":41,"column":8}},"42":{"start":{"line":43,"column":0},"end":{"line":43,"column":13}},"43":{"start":{"line":44,"column":0},"end":{"line":44,"column":11}}},"s":{"16":27,"18":27,"19":27,"22":27,"24":27,"25":27,"26":27,"27":27,"28":27,"29":27,"30":27,"31":27,"34":27,"35":27,"36":27,"38":27,"39":27,"40":27,"42":27,"43":27},"branchMap":{"0":{"type":"branch","line":17,"loc":{"start":{"line":17,"column":0},"end":{"line":44,"column":11}},"locations":[{"start":{"line":17,"column":0},"end":{"line":44,"column":11}}]},"1":{"type":"branch","line":19,"loc":{"start":{"line":19,"column":2},"end":{"line":19,"column":22}},"locations":[{"start":{"line":19,"column":2},"end":{"line":19,"column":22}}]},"2":{"type":"branch","line":19,"loc":{"start":{"line":19,"column":2},"end":{"line":19,"column":22}},"locations":[{"start":{"line":19,"column":2},"end":{"line":19,"column":22}}]},"3":{"type":"branch","line":20,"loc":{"start":{"line":20,"column":2},"end":{"line":20,"column":16}},"locations":[{"start":{"line":20,"column":2},"end":{"line":20,"column":16}}]},"4":{"type":"branch","line":20,"loc":{"start":{"line":20,"column":2},"end":{"line":20,"column":16}},"locations":[{"start":{"line":20,"column":2},"end":{"line":20,"column":16}}]},"5":{"type":"branch","line":32,"loc":{"start":{"line":32,"column":3},"end":{"line":32,"column":4}},"locations":[{"start":{"line":32,"column":3},"end":{"line":32,"column":4}}]},"6":{"type":"branch","line":41,"loc":{"start":{"line":41,"column":7},"end":{"line":41,"column":8}},"locations":[{"start":{"line":41,"column":7},"end":{"line":41,"column":8}}]}},"b":{"0":[27],"1":[15],"2":[12],"3":[23],"4":[4],"5":[0],"6":[0]},"fnMap":{"0":{"name":"Badge","decl":{"start":{"line":17,"column":0},"end":{"line":44,"column":11}},"loc":{"start":{"line":17,"column":0},"end":{"line":44,"column":11}},"line":17}},"f":{"0":27}}
,"C:\\Users\\299802\\Desktop\\PMS\\PMS-UI\\pharmacy-app\\src\\components\\common\\Button\\Button.tsx": {"path":"C:\\Users\\299802\\Desktop\\PMS\\PMS-UI\\pharmacy-app\\src\\components\\common\\Button\\Button.tsx","all":false,"statementMap":{"0":{"start":{"line":1,"column":0},"end":{"line":1,"column":26}},"10":{"start":{"line":11,"column":0},"end":{"line":11,"column":32}},"12":{"start":{"line":13,"column":0},"end":{"line":13,"column":18}},"13":{"start":{"line":14,"column":0},"end":{"line":14,"column":22}},"14":{"start":{"line":15,"column":0},"end":{"line":15,"column":14}},"16":{"start":{"line":17,"column":0},"end":{"line":17,"column":19}},"17":{"start":{"line":18,"column":0},"end":{"line":18,"column":17}},"20":{"start":{"line":21,"column":0},"end":{"line":21,"column":65}},"21":{"start":{"line":22,"column":0},"end":{"line":22,"column":20}},"22":{"start":{"line":23,"column":0},"end":{"line":23,"column":56}},"23":{"start":{"line":24,"column":0},"end":{"line":24,"column":61}},"24":{"start":{"line":25,"column":0},"end":{"line":25,"column":53}},"25":{"start":{"line":26,"column":0},"end":{"line":26,"column":4}},"26":{"start":{"line":27,"column":0},"end":{"line":27,"column":17}},"27":{"start":{"line":28,"column":0},"end":{"line":28,"column":30}},"28":{"start":{"line":29,"column":0},"end":{"line":29,"column":20}},"29":{"start":{"line":30,"column":0},"end":{"line":30,"column":28}},"30":{"start":{"line":31,"column":0},"end":{"line":31,"column":4}},"33":{"start":{"line":34,"column":0},"end":{"line":34,"column":11}},"34":{"start":{"line":35,"column":0},"end":{"line":35,"column":17}},"35":{"start":{"line":36,"column":0},"end":{"line":36,"column":23}},"36":{"start":{"line":37,"column":0},"end":{"line":37,"column":25}},"37":{"start":{"line":38,"column":0},"end":{"line":38,"column":18}},"39":{"start":{"line":40,"column":0},"end":{"line":40,"column":28}},"40":{"start":{"line":41,"column":0},"end":{"line":41,"column":22}},"41":{"start":{"line":42,"column":0},"end":{"line":42,"column":58}},"42":{"start":{"line":43,"column":0},"end":{"line":43,"column":20}},"43":{"start":{"line":44,"column":0},"end":{"line":44,"column":8}},"45":{"start":{"line":46,"column":0},"end":{"line":46,"column":16}},"46":{"start":{"line":47,"column":0},"end":{"line":47,"column":13}}},"s":{"0":1,"10":21,"12":21,"13":21,"14":21,"16":21,"17":21,"20":21,"21":21,"22":21,"23":21,"24":21,"25":21,"26":21,"27":21,"28":21,"29":21,"30":21,"33":21,"34":21,"35":21,"36":21,"37":21,"39":21,"40":21,"41":21,"42":21,"43":21,"45":21,"46":21},"branchMap":{"0":{"type":"branch","line":11,"loc":{"start":{"line":11,"column":0},"end":{"line":47,"column":13}},"locations":[{"start":{"line":11,"column":0},"end":{"line":47,"column":13}}]},"1":{"type":"branch","line":13,"loc":{"start":{"line":13,"column":2},"end":{"line":13,"column":18}},"locations":[{"start":{"line":13,"column":2},"end":{"line":13,"column":18}}]},"2":{"type":"branch","line":13,"loc":{"start":{"line":13,"column":2},"end":{"line":13,"column":18}},"locations":[{"start":{"line":13,"column":2},"end":{"line":13,"column":18}}]},"3":{"type":"branch","line":14,"loc":{"start":{"line":14,"column":2},"end":{"line":14,"column":22}},"locations":[{"start":{"line":14,"column":2},"end":{"line":14,"column":22}}]},"4":{"type":"branch","line":14,"loc":{"start":{"line":14,"column":2},"end":{"line":14,"column":22}},"locations":[{"start":{"line":14,"column":2},"end":{"line":14,"column":22}}]},"5":{"type":"branch","line":15,"loc":{"start":{"line":15,"column":2},"end":{"line":15,"column":14}},"locations":[{"start":{"line":15,"column":2},"end":{"line":15,"column":14}}]},"6":{"type":"branch","line":15,"loc":{"start":{"line":15,"column":2},"end":{"line":15,"column":14}},"locations":[{"start":{"line":15,"column":2},"end":{"line":15,"column":14}}]},"7":{"type":"branch","line":17,"loc":{"start":{"line":17,"column":2},"end":{"line":17,"column":19}},"locations":[{"start":{"line":17,"column":2},"end":{"line":17,"column":19}}]},"8":{"type":"branch","line":17,"loc":{"start":{"line":17,"column":2},"end":{"line":17,"column":19}},"locations":[{"start":{"line":17,"column":2},"end":{"line":17,"column":19}}]},"9":{"type":"branch","line":18,"loc":{"start":{"line":18,"column":2},"end":{"line":18,"column":16}},"locations":[{"start":{"line":18,"column":2},"end":{"line":18,"column":16}}]},"10":{"type":"branch","line":18,"loc":{"start":{"line":18,"column":2},"end":{"line":18,"column":16}},"locations":[{"start":{"line":18,"column":2},"end":{"line":18,"column":16}}]},"11":{"type":"branch","line":26,"loc":{"start":{"line":26,"column":3},"end":{"line":26,"column":4}},"locations":[{"start":{"line":26,"column":3},"end":{"line":26,"column":4}}]},"12":{"type":"branch","line":31,"loc":{"start":{"line":31,"column":3},"end":{"line":31,"column":4}},"locations":[{"start":{"line":31,"column":3},"end":{"line":31,"column":4}}]},"13":{"type":"branch","line":42,"loc":{"start":{"line":42,"column":10},"end":{"line":42,"column":57}},"locations":[{"start":{"line":42,"column":10},"end":{"line":42,"column":57}}]},"14":{"type":"branch","line":42,"loc":{"start":{"line":42,"column":10},"end":{"line":42,"column":57}},"locations":[{"start":{"line":42,"column":10},"end":{"line":42,"column":57}}]},"15":{"type":"branch","line":44,"loc":{"start":{"line":44,"column":7},"end":{"line":44,"column":8}},"locations":[{"start":{"line":44,"column":7},"end":{"line":44,"column":8}}]},"16":{"type":"branch","line":44,"loc":{"start":{"line":44,"column":7},"end":{"line":44,"column":8}},"locations":[{"start":{"line":44,"column":7},"end":{"line":44,"column":8}}]},"17":{"type":"branch","line":44,"loc":{"start":{"line":44,"column":7},"end":{"line":44,"column":8}},"locations":[{"start":{"line":44,"column":7},"end":{"line":44,"column":8}}]},"18":{"type":"branch","line":44,"loc":{"start":{"line":44,"column":7},"end":{"line":44,"column":8}},"locations":[{"start":{"line":44,"column":7},"end":{"line":44,"column":8}}]}},"b":{"0":[21],"1":[19],"2":[2],"3":[18],"4":[3],"5":[18],"6":[3],"7":[18],"8":[3],"9":[18],"10":[3],"11":[0],"12":[0],"13":[3],"14":[18],"15":[0],"16":[0],"17":[0],"18":[0]},"fnMap":{"0":{"name":"Button","decl":{"start":{"line":11,"column":0},"end":{"line":47,"column":13}},"loc":{"start":{"line":11,"column":0},"end":{"line":47,"column":13}},"line":11}},"f":{"0":21}}
,"C:\\Users\\299802\\Desktop\\PMS\\PMS-UI\\pharmacy-app\\src\\components\\common\\Card\\Card.tsx": {"path":"C:\\Users\\299802\\Desktop\\PMS\\PMS-UI\\pharmacy-app\\src\\components\\common\\Card\\Card.tsx","all":false,"statementMap":{"0":{"start":{"line":1,"column":0},"end":{"line":1,"column":26}},"2":{"start":{"line":3,"column":0},"end":{"line":3,"column":77}},"3":{"start":{"line":4,"column":0},"end":{"line":4,"column":43}},"4":{"start":{"line":5,"column":0},"end":{"line":5,"column":1}},"6":{"start":{"line":7,"column":0},"end":{"line":7,"column":22}},"9":{"start":{"line":10,"column":0},"end":{"line":10,"column":33}},"11":{"start":{"line":12,"column":0},"end":{"line":12,"column":8}},"12":{"start":{"line":13,"column":0},"end":{"line":13,"column":22}},"13":{"start":{"line":14,"column":0},"end":{"line":14,"column":30}},"14":{"start":{"line":15,"column":0},"end":{"line":15,"column":81}},"15":{"start":{"line":16,"column":0},"end":{"line":16,"column":17}},"16":{"start":{"line":17,"column":0},"end":{"line":17,"column":8}},"17":{"start":{"line":18,"column":0},"end":{"line":18,"column":16}},"18":{"start":{"line":19,"column":0},"end":{"line":19,"column":6}},"22":{"start":{"line":23,"column":0},"end":{"line":23,"column":28}},"25":{"start":{"line":26,"column":0},"end":{"line":26,"column":33}},"27":{"start":{"line":28,"column":0},"end":{"line":28,"column":8}},"28":{"start":{"line":29,"column":0},"end":{"line":29,"column":29}},"29":{"start":{"line":30,"column":0},"end":{"line":30,"column":30}},"30":{"start":{"line":31,"column":0},"end":{"line":31,"column":47}},"31":{"start":{"line":32,"column":0},"end":{"line":32,"column":17}},"32":{"start":{"line":33,"column":0},"end":{"line":33,"column":8}},"33":{"start":{"line":34,"column":0},"end":{"line":34,"column":16}},"34":{"start":{"line":35,"column":0},"end":{"line":35,"column":6}},"38":{"start":{"line":39,"column":0},"end":{"line":39,"column":27}},"41":{"start":{"line":42,"column":0},"end":{"line":42,"column":32}},"43":{"start":{"line":44,"column":0},"end":{"line":44,"column":7}},"44":{"start":{"line":45,"column":0},"end":{"line":45,"column":28}},"45":{"start":{"line":46,"column":0},"end":{"line":46,"column":79}},"46":{"start":{"line":47,"column":0},"end":{"line":47,"column":16}},"47":{"start":{"line":48,"column":0},"end":{"line":48,"column":6}},"51":{"start":{"line":52,"column":0},"end":{"line":52,"column":33}},"54":{"start":{"line":55,"column":0},"end":{"line":55,"column":31}},"56":{"start":{"line":57,"column":0},"end":{"line":57,"column":6}},"57":{"start":{"line":58,"column":0},"end":{"line":58,"column":34}},"58":{"start":{"line":59,"column":0},"end":{"line":59,"column":66}},"59":{"start":{"line":60,"column":0},"end":{"line":60,"column":16}},"60":{"start":{"line":61,"column":0},"end":{"line":61,"column":6}},"64":{"start":{"line":65,"column":0},"end":{"line":65,"column":29}},"67":{"start":{"line":68,"column":0},"end":{"line":68,"column":33}},"69":{"start":{"line":70,"column":0},"end":{"line":70,"column":8}},"70":{"start":{"line":71,"column":0},"end":{"line":71,"column":30}},"71":{"start":{"line":72,"column":0},"end":{"line":72,"column":49}},"72":{"start":{"line":73,"column":0},"end":{"line":73,"column":16}},"73":{"start":{"line":74,"column":0},"end":{"line":74,"column":6}},"77":{"start":{"line":78,"column":0},"end":{"line":78,"column":28}},"80":{"start":{"line":81,"column":0},"end":{"line":81,"column":33}},"82":{"start":{"line":83,"column":0},"end":{"line":83,"column":8}},"83":{"start":{"line":84,"column":0},"end":{"line":84,"column":29}},"84":{"start":{"line":85,"column":0},"end":{"line":85,"column":72}},"85":{"start":{"line":86,"column":0},"end":{"line":86,"column":16}},"86":{"start":{"line":87,"column":0},"end":{"line":87,"column":6}}},"s":{"0":1,"2":54,"3":54,"4":54,"6":1,"9":12,"11":12,"12":12,"13":12,"14":12,"15":12,"16":12,"17":12,"18":12,"22":1,"25":9,"27":9,"28":9,"29":9,"30":9,"31":9,"32":9,"33":9,"34":9,"38":1,"41":9,"43":9,"44":9,"45":9,"46":9,"47":9,"51":1,"54":8,"56":8,"57":8,"58":8,"59":8,"60":8,"64":1,"67":8,"69":8,"70":8,"71":8,"72":8,"73":8,"77":1,"80":8,"82":8,"83":8,"84":8,"85":8,"86":8},"branchMap":{"0":{"type":"branch","line":3,"loc":{"start":{"line":3,"column":0},"end":{"line":5,"column":1}},"locations":[{"start":{"line":3,"column":0},"end":{"line":5,"column":1}}]},"1":{"type":"branch","line":7,"loc":{"start":{"line":7,"column":7},"end":{"line":19,"column":6}},"locations":[{"start":{"line":7,"column":7},"end":{"line":19,"column":6}}]},"2":{"type":"branch","line":10,"loc":{"start":{"line":10,"column":30},"end":{"line":10,"column":33}},"locations":[{"start":{"line":10,"column":30},"end":{"line":10,"column":33}}]},"3":{"type":"branch","line":17,"loc":{"start":{"line":17,"column":7},"end":{"line":17,"column":8}},"locations":[{"start":{"line":17,"column":7},"end":{"line":17,"column":8}}]},"4":{"type":"branch","line":17,"loc":{"start":{"line":17,"column":7},"end":{"line":17,"column":8}},"locations":[{"start":{"line":17,"column":7},"end":{"line":17,"column":8}}]},"5":{"type":"branch","line":23,"loc":{"start":{"line":23,"column":7},"end":{"line":35,"column":6}},"locations":[{"start":{"line":23,"column":7},"end":{"line":35,"column":6}}]},"6":{"type":"branch","line":26,"loc":{"start":{"line":26,"column":30},"end":{"line":26,"column":33}},"locations":[{"start":{"line":26,"column":30},"end":{"line":26,"column":33}}]},"7":{"type":"branch","line":33,"loc":{"start":{"line":33,"column":7},"end":{"line":33,"column":8}},"locations":[{"start":{"line":33,"column":7},"end":{"line":33,"column":8}}]},"8":{"type":"branch","line":33,"loc":{"start":{"line":33,"column":7},"end":{"line":33,"column":8}},"locations":[{"start":{"line":33,"column":7},"end":{"line":33,"column":8}}]},"9":{"type":"branch","line":39,"loc":{"start":{"line":39,"column":7},"end":{"line":48,"column":6}},"locations":[{"start":{"line":39,"column":7},"end":{"line":48,"column":6}}]},"10":{"type":"branch","line":42,"loc":{"start":{"line":42,"column":29},"end":{"line":42,"column":32}},"locations":[{"start":{"line":42,"column":29},"end":{"line":42,"column":32}}]},"11":{"type":"branch","line":46,"loc":{"start":{"line":46,"column":78},"end":{"line":46,"column":79}},"locations":[{"start":{"line":46,"column":78},"end":{"line":46,"column":79}}]},"12":{"type":"branch","line":46,"loc":{"start":{"line":46,"column":78},"end":{"line":46,"column":79}},"locations":[{"start":{"line":46,"column":78},"end":{"line":46,"column":79}}]},"13":{"type":"branch","line":52,"loc":{"start":{"line":52,"column":7},"end":{"line":61,"column":6}},"locations":[{"start":{"line":52,"column":7},"end":{"line":61,"column":6}}]},"14":{"type":"branch","line":55,"loc":{"start":{"line":55,"column":28},"end":{"line":55,"column":31}},"locations":[{"start":{"line":55,"column":28},"end":{"line":55,"column":31}}]},"15":{"type":"branch","line":59,"loc":{"start":{"line":59,"column":65},"end":{"line":59,"column":66}},"locations":[{"start":{"line":59,"column":65},"end":{"line":59,"column":66}}]},"16":{"type":"branch","line":59,"loc":{"start":{"line":59,"column":65},"end":{"line":59,"column":66}},"locations":[{"start":{"line":59,"column":65},"end":{"line":59,"column":66}}]},"17":{"type":"branch","line":65,"loc":{"start":{"line":65,"column":7},"end":{"line":74,"column":6}},"locations":[{"start":{"line":65,"column":7},"end":{"line":74,"column":6}}]},"18":{"type":"branch","line":68,"loc":{"start":{"line":68,"column":30},"end":{"line":68,"column":33}},"locations":[{"start":{"line":68,"column":30},"end":{"line":68,"column":33}}]},"19":{"type":"branch","line":72,"loc":{"start":{"line":72,"column":48},"end":{"line":72,"column":49}},"locations":[{"start":{"line":72,"column":48},"end":{"line":72,"column":49}}]},"20":{"type":"branch","line":72,"loc":{"start":{"line":72,"column":48},"end":{"line":72,"column":49}},"locations":[{"start":{"line":72,"column":48},"end":{"line":72,"column":49}}]},"21":{"type":"branch","line":78,"loc":{"start":{"line":78,"column":7},"end":{"line":87,"column":6}},"locations":[{"start":{"line":78,"column":7},"end":{"line":87,"column":6}}]},"22":{"type":"branch","line":81,"loc":{"start":{"line":81,"column":30},"end":{"line":81,"column":33}},"locations":[{"start":{"line":81,"column":30},"end":{"line":81,"column":33}}]},"23":{"type":"branch","line":85,"loc":{"start":{"line":85,"column":71},"end":{"line":85,"column":72}},"locations":[{"start":{"line":85,"column":71},"end":{"line":85,"column":72}}]},"24":{"type":"branch","line":85,"loc":{"start":{"line":85,"column":71},"end":{"line":85,"column":72}},"locations":[{"start":{"line":85,"column":71},"end":{"line":85,"column":72}}]}},"b":{"0":[54],"1":[12],"2":[0],"3":[0],"4":[0],"5":[9],"6":[0],"7":[0],"8":[0],"9":[9],"10":[0],"11":[0],"12":[0],"13":[8],"14":[0],"15":[0],"16":[0],"17":[8],"18":[0],"19":[0],"20":[0],"21":[8],"22":[0],"23":[0],"24":[0]},"fnMap":{"0":{"name":"mergeClasses","decl":{"start":{"line":3,"column":0},"end":{"line":5,"column":1}},"loc":{"start":{"line":3,"column":0},"end":{"line":5,"column":1}},"line":3},"1":{"name":"Card","decl":{"start":{"line":7,"column":7},"end":{"line":19,"column":6}},"loc":{"start":{"line":7,"column":7},"end":{"line":19,"column":6}},"line":7},"2":{"name":"CardHeader","decl":{"start":{"line":23,"column":7},"end":{"line":35,"column":6}},"loc":{"start":{"line":23,"column":7},"end":{"line":35,"column":6}},"line":23},"3":{"name":"CardTitle","decl":{"start":{"line":39,"column":7},"end":{"line":48,"column":6}},"loc":{"start":{"line":39,"column":7},"end":{"line":48,"column":6}},"line":39},"4":{"name":"CardDescription","decl":{"start":{"line":52,"column":7},"end":{"line":61,"column":6}},"loc":{"start":{"line":52,"column":7},"end":{"line":61,"column":6}},"line":52},"5":{"name":"CardContent","decl":{"start":{"line":65,"column":7},"end":{"line":74,"column":6}},"loc":{"start":{"line":65,"column":7},"end":{"line":74,"column":6}},"line":65},"6":{"name":"CardFooter","decl":{"start":{"line":78,"column":7},"end":{"line":87,"column":6}},"loc":{"start":{"line":78,"column":7},"end":{"line":87,"column":6}},"line":78}},"f":{"0":54,"1":12,"2":9,"3":9,"4":8,"5":8,"6":8}}
,"C:\\Users\\299802\\Desktop\\PMS\\PMS-UI\\pharmacy-app\\src\\components\\common\\Chart\\Chart.tsx": {"path":"C:\\Users\\299802\\Desktop\\PMS\\PMS-UI\\pharmacy-app\\src\\components\\common\\Chart\\Chart.tsx","all":false,"statementMap":{"0":{"start":{"line":1,"column":0},"end":{"line":1,"column":8}},"22":{"start":{"line":23,"column":0},"end":{"line":23,"column":32}},"26":{"start":{"line":27,"column":0},"end":{"line":27,"column":16}},"27":{"start":{"line":28,"column":0},"end":{"line":28,"column":15}},"30":{"start":{"line":31,"column":0},"end":{"line":31,"column":76}},"31":{"start":{"line":32,"column":0},"end":{"line":32,"column":56}},"32":{"start":{"line":33,"column":0},"end":{"line":33,"column":28}},"33":{"start":{"line":34,"column":0},"end":{"line":34,"column":33}},"34":{"start":{"line":35,"column":0},"end":{"line":35,"column":36}},"35":{"start":{"line":36,"column":0},"end":{"line":36,"column":21}},"36":{"start":{"line":37,"column":0},"end":{"line":37,"column":23}},"37":{"start":{"line":38,"column":0},"end":{"line":38,"column":51}},"38":{"start":{"line":39,"column":0},"end":{"line":39,"column":84}},"39":{"start":{"line":40,"column":0},"end":{"line":40,"column":22}},"41":{"start":{"line":42,"column":0},"end":{"line":42,"column":32}},"42":{"start":{"line":43,"column":0},"end":{"line":43,"column":36}},"43":{"start":{"line":44,"column":0},"end":{"line":44,"column":21}},"44":{"start":{"line":45,"column":0},"end":{"line":45,"column":23}},"45":{"start":{"line":46,"column":0},"end":{"line":46,"column":51}},"46":{"start":{"line":47,"column":0},"end":{"line":47,"column":49}},"47":{"start":{"line":48,"column":0},"end":{"line":48,"column":21}},"48":{"start":{"line":49,"column":0},"end":{"line":49,"column":10}},"49":{"start":{"line":50,"column":0},"end":{"line":50,"column":28}},"50":{"start":{"line":51,"column":0},"end":{"line":51,"column":10}}},"s":{"0":1,"22":29,"26":29,"27":29,"30":29,"31":29,"32":29,"33":22,"34":22,"35":22,"36":22,"37":22,"38":22,"39":22,"41":7,"42":7,"43":7,"44":7,"45":7,"46":7,"47":7,"48":29,"49":29,"50":29},"branchMap":{"0":{"type":"branch","line":23,"loc":{"start":{"line":23,"column":0},"end":{"line":51,"column":10}},"locations":[{"start":{"line":23,"column":0},"end":{"line":51,"column":10}}]},"1":{"type":"branch","line":27,"loc":{"start":{"line":27,"column":2},"end":{"line":27,"column":16}},"locations":[{"start":{"line":27,"column":2},"end":{"line":27,"column":16}}]},"2":{"type":"branch","line":27,"loc":{"start":{"line":27,"column":2},"end":{"line":27,"column":16}},"locations":[{"start":{"line":27,"column":2},"end":{"line":27,"column":16}}]},"3":{"type":"branch","line":28,"loc":{"start":{"line":28,"column":2},"end":{"line":28,"column":14}},"locations":[{"start":{"line":28,"column":2},"end":{"line":28,"column":14}}]},"4":{"type":"branch","line":28,"loc":{"start":{"line":28,"column":2},"end":{"line":28,"column":14}},"locations":[{"start":{"line":28,"column":2},"end":{"line":28,"column":14}}]},"5":{"type":"branch","line":28,"loc":{"start":{"line":28,"column":14},"end":{"line":28,"column":15}},"locations":[{"start":{"line":28,"column":14},"end":{"line":28,"column":15}}]},"6":{"type":"branch","line":28,"loc":{"start":{"line":28,"column":14},"end":{"line":28,"column":15}},"locations":[{"start":{"line":28,"column":14},"end":{"line":28,"column":15}}]},"7":{"type":"branch","line":28,"loc":{"start":{"line":28,"column":14},"end":{"line":28,"column":15}},"locations":[{"start":{"line":28,"column":14},"end":{"line":28,"column":15}}]},"8":{"type":"branch","line":33,"loc":{"start":{"line":33,"column":18},"end":{"line":40,"column":22}},"locations":[{"start":{"line":33,"column":18},"end":{"line":40,"column":22}}]},"9":{"type":"branch","line":40,"loc":{"start":{"line":40,"column":10},"end":{"line":48,"column":21}},"locations":[{"start":{"line":40,"column":10},"end":{"line":48,"column":21}}]},"10":{"type":"branch","line":49,"loc":{"start":{"line":49,"column":9},"end":{"line":49,"column":10}},"locations":[{"start":{"line":49,"column":9},"end":{"line":49,"column":10}}]},"11":{"type":"branch","line":49,"loc":{"start":{"line":49,"column":9},"end":{"line":49,"column":10}},"locations":[{"start":{"line":49,"column":9},"end":{"line":49,"column":10}}]}},"b":{"0":[29],"1":[17],"2":[12],"3":[26],"4":[3],"5":[1],"6":[0],"7":[0],"8":[22],"9":[7],"10":[0],"11":[1]},"fnMap":{"0":{"name":"Charts","decl":{"start":{"line":23,"column":0},"end":{"line":51,"column":10}},"loc":{"start":{"line":23,"column":0},"end":{"line":51,"column":10}},"line":23}},"f":{"0":29}}
,"C:\\Users\\299802\\Desktop\\PMS\\PMS-UI\\pharmacy-app\\src\\components\\common\\Checkbox\\Checkbox.tsx": {"path":"C:\\Users\\299802\\Desktop\\PMS\\PMS-UI\\pharmacy-app\\src\\components\\common\\Checkbox\\Checkbox.tsx","all":false,"statementMap":{"0":{"start":{"line":1,"column":0},"end":{"line":1,"column":26}},"13":{"start":{"line":14,"column":0},"end":{"line":14,"column":34}},"17":{"start":{"line":18,"column":0},"end":{"line":18,"column":19}},"20":{"start":{"line":21,"column":0},"end":{"line":21,"column":24}},"21":{"start":{"line":22,"column":0},"end":{"line":22,"column":17}},"24":{"start":{"line":25,"column":0},"end":{"line":25,"column":59}},"27":{"start":{"line":28,"column":0},"end":{"line":28,"column":25}},"28":{"start":{"line":29,"column":0},"end":{"line":29,"column":30}},"29":{"start":{"line":30,"column":0},"end":{"line":30,"column":56}},"30":{"start":{"line":31,"column":0},"end":{"line":31,"column":5}},"31":{"start":{"line":32,"column":0},"end":{"line":32,"column":22}},"34":{"start":{"line":35,"column":0},"end":{"line":35,"column":55}},"37":{"start":{"line":38,"column":0},"end":{"line":38,"column":63}},"38":{"start":{"line":39,"column":0},"end":{"line":39,"column":58}},"40":{"start":{"line":41,"column":0},"end":{"line":41,"column":14}},"41":{"start":{"line":42,"column":0},"end":{"line":42,"column":27}},"42":{"start":{"line":43,"column":0},"end":{"line":43,"column":25}},"43":{"start":{"line":44,"column":0},"end":{"line":44,"column":27}},"44":{"start":{"line":45,"column":0},"end":{"line":45,"column":29}},"45":{"start":{"line":46,"column":0},"end":{"line":46,"column":29}},"46":{"start":{"line":47,"column":0},"end":{"line":47,"column":45}},"47":{"start":{"line":48,"column":0},"end":{"line":48,"column":59}},"49":{"start":{"line":50,"column":0},"end":{"line":50,"column":12}},"50":{"start":{"line":51,"column":0},"end":{"line":51,"column":10}},"52":{"start":{"line":53,"column":0},"end":{"line":53,"column":77}},"53":{"start":{"line":54,"column":0},"end":{"line":54,"column":14}},"56":{"start":{"line":57,"column":0},"end":{"line":57,"column":23}},"57":{"start":{"line":58,"column":0},"end":{"line":58,"column":67}},"58":{"start":{"line":59,"column":0},"end":{"line":59,"column":8}},"61":{"start":{"line":62,"column":0},"end":{"line":62,"column":17}},"62":{"start":{"line":63,"column":0},"end":{"line":63,"column":54}},"63":{"start":{"line":64,"column":0},"end":{"line":64,"column":17}},"64":{"start":{"line":65,"column":0},"end":{"line":65,"column":12}},"65":{"start":{"line":66,"column":0},"end":{"line":66,"column":8}},"67":{"start":{"line":68,"column":0},"end":{"line":68,"column":10}}},"s":{"0":1,"13":37,"17":37,"20":37,"21":37,"24":37,"27":37,"28":37,"29":37,"30":37,"31":37,"34":37,"37":37,"38":37,"40":37,"41":37,"42":37,"43":37,"44":37,"45":37,"46":37,"47":37,"49":37,"50":36,"52":36,"53":36,"56":36,"57":5,"58":36,"61":36,"62":6,"63":6,"64":6,"65":36,"67":36},"branchMap":{"0":{"type":"branch","line":14,"loc":{"start":{"line":14,"column":0},"end":{"line":68,"column":10}},"locations":[{"start":{"line":14,"column":0},"end":{"line":68,"column":10}}]},"1":{"type":"branch","line":18,"loc":{"start":{"line":18,"column":2},"end":{"line":18,"column":19}},"locations":[{"start":{"line":18,"column":2},"end":{"line":18,"column":19}}]},"2":{"type":"branch","line":18,"loc":{"start":{"line":18,"column":2},"end":{"line":18,"column":19}},"locations":[{"start":{"line":18,"column":2},"end":{"line":18,"column":19}}]},"3":{"type":"branch","line":21,"loc":{"start":{"line":21,"column":2},"end":{"line":21,"column":24}},"locations":[{"start":{"line":21,"column":2},"end":{"line":21,"column":24}}]},"4":{"type":"branch","line":21,"loc":{"start":{"line":21,"column":2},"end":{"line":21,"column":24}},"locations":[{"start":{"line":21,"column":2},"end":{"line":21,"column":24}}]},"5":{"type":"branch","line":22,"loc":{"start":{"line":22,"column":2},"end":{"line":22,"column":17}},"locations":[{"start":{"line":22,"column":2},"end":{"line":22,"column":17}}]},"6":{"type":"branch","line":22,"loc":{"start":{"line":22,"column":2},"end":{"line":22,"column":17}},"locations":[{"start":{"line":22,"column":2},"end":{"line":22,"column":17}}]},"7":{"type":"branch","line":32,"loc":{"start":{"line":32,"column":20},"end":{"line":32,"column":22}},"locations":[{"start":{"line":32,"column":20},"end":{"line":32,"column":22}}]},"8":{"type":"branch","line":39,"loc":{"start":{"line":39,"column":10},"end":{"line":39,"column":57}},"locations":[{"start":{"line":39,"column":10},"end":{"line":39,"column":57}}]},"9":{"type":"branch","line":39,"loc":{"start":{"line":39,"column":10},"end":{"line":39,"column":57}},"locations":[{"start":{"line":39,"column":10},"end":{"line":39,"column":57}}]},"10":{"type":"branch","line":48,"loc":{"start":{"line":48,"column":14},"end":{"line":48,"column":58}},"locations":[{"start":{"line":48,"column":14},"end":{"line":48,"column":58}}]},"11":{"type":"branch","line":48,"loc":{"start":{"line":48,"column":14},"end":{"line":48,"column":58}},"locations":[{"start":{"line":48,"column":14},"end":{"line":48,"column":58}}]},"12":{"type":"branch","line":50,"loc":{"start":{"line":50,"column":11},"end":{"line":50,"column":12}},"locations":[{"start":{"line":50,"column":11},"end":{"line":50,"column":12}}]},"13":{"type":"branch","line":50,"loc":{"start":{"line":50,"column":11},"end":{"line":50,"column":12}},"locations":[{"start":{"line":50,"column":11},"end":{"line":50,"column":12}}]},"14":{"type":"branch","line":50,"loc":{"start":{"line":50,"column":11},"end":{"line":50,"column":12}},"locations":[{"start":{"line":50,"column":11},"end":{"line":50,"column":12}}]},"15":{"type":"branch","line":50,"loc":{"start":{"line":50,"column":11},"end":{"line":51,"column":10}},"locations":[{"start":{"line":50,"column":11},"end":{"line":51,"column":10}}]},"16":{"type":"branch","line":52,"loc":{"start":{"line":52,"column":-2},"end":{"line":53,"column":77}},"locations":[{"start":{"line":52,"column":-2},"end":{"line":53,"column":77}}]},"17":{"type":"branch","line":53,"loc":{"start":{"line":53,"column":9},"end":{"line":53,"column":76}},"locations":[{"start":{"line":53,"column":9},"end":{"line":53,"column":76}}]},"18":{"type":"branch","line":53,"loc":{"start":{"line":53,"column":76},"end":{"line":53,"column":77}},"locations":[{"start":{"line":53,"column":76},"end":{"line":53,"column":77}}]},"19":{"type":"branch","line":53,"loc":{"start":{"line":53,"column":76},"end":{"line":53,"column":77}},"locations":[{"start":{"line":53,"column":76},"end":{"line":53,"column":77}}]},"20":{"type":"branch","line":53,"loc":{"start":{"line":53,"column":76},"end":{"line":53,"column":77}},"locations":[{"start":{"line":53,"column":76},"end":{"line":53,"column":77}}]},"21":{"type":"branch","line":53,"loc":{"start":{"line":53,"column":76},"end":{"line":54,"column":14}},"locations":[{"start":{"line":53,"column":76},"end":{"line":54,"column":14}}]},"22":{"type":"branch","line":55,"loc":{"start":{"line":55,"column":-2},"end":{"line":59,"column":8}},"locations":[{"start":{"line":55,"column":-2},"end":{"line":59,"column":8}}]},"23":{"type":"branch","line":57,"loc":{"start":{"line":57,"column":7},"end":{"line":58,"column":67}},"locations":[{"start":{"line":57,"column":7},"end":{"line":58,"column":67}}]},"24":{"type":"branch","line":59,"loc":{"start":{"line":59,"column":7},"end":{"line":59,"column":8}},"locations":[{"start":{"line":59,"column":7},"end":{"line":59,"column":8}}]},"25":{"type":"branch","line":59,"loc":{"start":{"line":59,"column":7},"end":{"line":66,"column":8}},"locations":[{"start":{"line":59,"column":7},"end":{"line":66,"column":8}}]},"26":{"type":"branch","line":62,"loc":{"start":{"line":62,"column":7},"end":{"line":65,"column":12}},"locations":[{"start":{"line":62,"column":7},"end":{"line":65,"column":12}}]},"27":{"type":"branch","line":66,"loc":{"start":{"line":66,"column":7},"end":{"line":66,"column":8}},"locations":[{"start":{"line":66,"column":7},"end":{"line":66,"column":8}}]},"28":{"type":"branch","line":66,"loc":{"start":{"line":66,"column":7},"end":{"line":66,"column":8}},"locations":[{"start":{"line":66,"column":7},"end":{"line":66,"column":8}}]},"29":{"type":"branch","line":66,"loc":{"start":{"line":66,"column":7},"end":{"line":66,"column":8}},"locations":[{"start":{"line":66,"column":7},"end":{"line":66,"column":8}}]},"30":{"type":"branch","line":66,"loc":{"start":{"line":66,"column":7},"end":{"line":66,"column":8}},"locations":[{"start":{"line":66,"column":7},"end":{"line":66,"column":8}}]},"31":{"type":"branch","line":66,"loc":{"start":{"line":66,"column":7},"end":{"line":68,"column":10}},"locations":[{"start":{"line":66,"column":7},"end":{"line":68,"column":10}}]},"32":{"type":"branch","line":28,"loc":{"start":{"line":28,"column":18},"end":{"line":31,"column":5}},"locations":[{"start":{"line":28,"column":18},"end":{"line":31,"column":5}}]}},"b":{"0":[37],"1":[34],"2":[3],"3":[33],"4":[4],"5":[34],"6":[3],"7":[0],"8":[2],"9":[35],"10":[6],"11":[31],"12":[1],"13":[1],"14":[1],"15":[36],"16":[1],"17":[14],"18":[1],"19":[1],"20":[1],"21":[36],"22":[1],"23":[5],"24":[1],"25":[36],"26":[6],"27":[1],"28":[1],"29":[1],"30":[1],"31":[36],"32":[37]},"fnMap":{"0":{"name":"Checkbox","decl":{"start":{"line":14,"column":0},"end":{"line":68,"column":10}},"loc":{"start":{"line":14,"column":0},"end":{"line":68,"column":10}},"line":14},"1":{"name":"t4","decl":{"start":{"line":28,"column":18},"end":{"line":31,"column":5}},"loc":{"start":{"line":28,"column":18},"end":{"line":31,"column":5}},"line":28}},"f":{"0":37,"1":37}}
,"C:\\Users\\299802\\Desktop\\PMS\\PMS-UI\\pharmacy-app\\src\\components\\common\\Drawer\\Drawer.tsx": {"path":"C:\\Users\\299802\\Desktop\\PMS\\PMS-UI\\pharmacy-app\\src\\components\\common\\Drawer\\Drawer.tsx","all":false,"statementMap":{"0":{"start":{"line":1,"column":0},"end":{"line":1,"column":26}},"9":{"start":{"line":10,"column":0},"end":{"line":10,"column":83}},"11":{"start":{"line":12,"column":0},"end":{"line":12,"column":6}},"12":{"start":{"line":13,"column":0},"end":{"line":13,"column":18}},"13":{"start":{"line":14,"column":0},"end":{"line":14,"column":12}},"14":{"start":{"line":15,"column":0},"end":{"line":15,"column":52}},"15":{"start":{"line":16,"column":0},"end":{"line":16,"column":27}},"17":{"start":{"line":18,"column":0},"end":{"line":18,"column":8}},"19":{"start":{"line":20,"column":0},"end":{"line":20,"column":10}},"20":{"start":{"line":21,"column":0},"end":{"line":21,"column":110}},"21":{"start":{"line":22,"column":0},"end":{"line":22,"column":58}},"23":{"start":{"line":24,"column":0},"end":{"line":24,"column":74}},"24":{"start":{"line":25,"column":0},"end":{"line":25,"column":18}},"25":{"start":{"line":26,"column":0},"end":{"line":26,"column":12}},"26":{"start":{"line":27,"column":0},"end":{"line":27,"column":7}}},"s":{"0":1,"9":30,"11":30,"12":30,"13":26,"14":26,"15":26,"17":30,"19":30,"20":30,"21":30,"23":29,"24":30,"25":30,"26":30},"branchMap":{"0":{"type":"branch","line":10,"loc":{"start":{"line":10,"column":0},"end":{"line":27,"column":7}},"locations":[{"start":{"line":10,"column":0},"end":{"line":27,"column":7}}]},"1":{"type":"branch","line":10,"loc":{"start":{"line":10,"column":80},"end":{"line":10,"column":83}},"locations":[{"start":{"line":10,"column":80},"end":{"line":10,"column":83}}]},"2":{"type":"branch","line":13,"loc":{"start":{"line":13,"column":7},"end":{"line":16,"column":27}},"locations":[{"start":{"line":13,"column":7},"end":{"line":16,"column":27}}]},"3":{"type":"branch","line":18,"loc":{"start":{"line":18,"column":7},"end":{"line":18,"column":8}},"locations":[{"start":{"line":18,"column":7},"end":{"line":18,"column":8}}]},"4":{"type":"branch","line":22,"loc":{"start":{"line":22,"column":10},"end":{"line":22,"column":55}},"locations":[{"start":{"line":22,"column":10},"end":{"line":22,"column":55}}]},"5":{"type":"branch","line":22,"loc":{"start":{"line":22,"column":10},"end":{"line":22,"column":55}},"locations":[{"start":{"line":22,"column":10},"end":{"line":22,"column":55}}]},"6":{"type":"branch","line":22,"loc":{"start":{"line":22,"column":57},"end":{"line":24,"column":74}},"locations":[{"start":{"line":22,"column":57},"end":{"line":24,"column":74}}]},"7":{"type":"branch","line":24,"loc":{"start":{"line":24,"column":9},"end":{"line":24,"column":73}},"locations":[{"start":{"line":24,"column":9},"end":{"line":24,"column":73}}]},"8":{"type":"branch","line":24,"loc":{"start":{"line":24,"column":73},"end":{"line":24,"column":74}},"locations":[{"start":{"line":24,"column":73},"end":{"line":24,"column":74}}]},"9":{"type":"branch","line":24,"loc":{"start":{"line":24,"column":73},"end":{"line":24,"column":74}},"locations":[{"start":{"line":24,"column":73},"end":{"line":24,"column":74}}]},"10":{"type":"branch","line":24,"loc":{"start":{"line":24,"column":73},"end":{"line":24,"column":74}},"locations":[{"start":{"line":24,"column":73},"end":{"line":24,"column":74}}]}},"b":{"0":[30],"1":[0],"2":[26],"3":[0],"4":[26],"5":[4],"6":[29],"7":[4],"8":[1],"9":[0],"10":[0]},"fnMap":{"0":{"name":"Drawer","decl":{"start":{"line":10,"column":0},"end":{"line":27,"column":7}},"loc":{"start":{"line":10,"column":0},"end":{"line":27,"column":7}},"line":10}},"f":{"0":30}}
,"C:\\Users\\299802\\Desktop\\PMS\\PMS-UI\\pharmacy-app\\src\\components\\common\\FilterBar\\FilterBar.tsx": {"path":"C:\\Users\\299802\\Desktop\\PMS\\PMS-UI\\pharmacy-app\\src\\components\\common\\FilterBar\\FilterBar.tsx","all":false,"statementMap":{"5":{"start":{"line":6,"column":0},"end":{"line":6,"column":79}},"7":{"start":{"line":8,"column":0},"end":{"line":8,"column":91}},"8":{"start":{"line":9,"column":0},"end":{"line":9,"column":12}},"9":{"start":{"line":10,"column":0},"end":{"line":10,"column":19}},"10":{"start":{"line":11,"column":0},"end":{"line":11,"column":31}},"11":{"start":{"line":12,"column":0},"end":{"line":12,"column":50}},"12":{"start":{"line":13,"column":0},"end":{"line":13,"column":49}},"13":{"start":{"line":14,"column":0},"end":{"line":14,"column":8}},"14":{"start":{"line":15,"column":0},"end":{"line":15,"column":31}},"15":{"start":{"line":16,"column":0},"end":{"line":16,"column":10}}},"s":{"5":15,"7":15,"8":15,"9":15,"10":15,"11":15,"12":15,"13":15,"14":15,"15":15},"branchMap":{"0":{"type":"branch","line":6,"loc":{"start":{"line":6,"column":0},"end":{"line":16,"column":10}},"locations":[{"start":{"line":6,"column":0},"end":{"line":16,"column":10}}]},"1":{"type":"branch","line":12,"loc":{"start":{"line":12,"column":18},"end":{"line":12,"column":50}},"locations":[{"start":{"line":12,"column":18},"end":{"line":12,"column":50}}]}},"b":{"0":[15],"1":[9]},"fnMap":{"0":{"name":"FilterBar","decl":{"start":{"line":6,"column":0},"end":{"line":16,"column":10}},"loc":{"start":{"line":6,"column":0},"end":{"line":16,"column":10}},"line":6},"1":{"name":"onChange","decl":{"start":{"line":12,"column":18},"end":{"line":12,"column":50}},"loc":{"start":{"line":12,"column":18},"end":{"line":12,"column":50}},"line":12}},"f":{"0":15,"1":9}}
,"C:\\Users\\299802\\Desktop\\PMS\\PMS-UI\\pharmacy-app\\src\\components\\common\\Icon\\Icon.tsx": {"path":"C:\\Users\\299802\\Desktop\\PMS\\PMS-UI\\pharmacy-app\\src\\components\\common\\Icon\\Icon.tsx","all":false,"statementMap":{"0":{"start":{"line":1,"column":0},"end":{"line":1,"column":82}},"8":{"start":{"line":9,"column":0},"end":{"line":9,"column":75}},"9":{"start":{"line":10,"column":0},"end":{"line":10,"column":17}},"10":{"start":{"line":11,"column":0},"end":{"line":11,"column":17}},"11":{"start":{"line":12,"column":0},"end":{"line":12,"column":61}},"12":{"start":{"line":13,"column":0},"end":{"line":13,"column":17}},"13":{"start":{"line":14,"column":0},"end":{"line":14,"column":61}},"14":{"start":{"line":15,"column":0},"end":{"line":15,"column":17}},"15":{"start":{"line":16,"column":0},"end":{"line":16,"column":55}},"16":{"start":{"line":17,"column":0},"end":{"line":17,"column":19}},"17":{"start":{"line":18,"column":0},"end":{"line":18,"column":57}},"19":{"start":{"line":20,"column":0},"end":{"line":20,"column":46}},"20":{"start":{"line":21,"column":0},"end":{"line":21,"column":3}},"23":{"start":{"line":24,"column":0},"end":{"line":24,"column":20}}},"s":{"0":1,"8":1,"9":26,"10":9,"11":9,"12":7,"13":7,"14":5,"15":5,"16":5,"17":5,"19":0,"20":26,"23":1},"branchMap":{"0":{"type":"branch","line":9,"loc":{"start":{"line":9,"column":13},"end":{"line":21,"column":3}},"locations":[{"start":{"line":9,"column":13},"end":{"line":21,"column":3}}]},"1":{"type":"branch","line":9,"loc":{"start":{"line":9,"column":22},"end":{"line":9,"column":33}},"locations":[{"start":{"line":9,"column":22},"end":{"line":9,"column":33}}]},"2":{"type":"branch","line":9,"loc":{"start":{"line":9,"column":22},"end":{"line":9,"column":33}},"locations":[{"start":{"line":9,"column":22},"end":{"line":9,"column":33}}]},"3":{"type":"branch","line":9,"loc":{"start":{"line":9,"column":33},"end":{"line":9,"column":75}},"locations":[{"start":{"line":9,"column":33},"end":{"line":9,"column":75}}]},"4":{"type":"branch","line":9,"loc":{"start":{"line":9,"column":33},"end":{"line":9,"column":75}},"locations":[{"start":{"line":9,"column":33},"end":{"line":9,"column":75}}]},"5":{"type":"branch","line":10,"loc":{"start":{"line":10,"column":14},"end":{"line":12,"column":61}},"locations":[{"start":{"line":10,"column":14},"end":{"line":12,"column":61}}]},"6":{"type":"branch","line":11,"loc":{"start":{"line":11,"column":16},"end":{"line":11,"column":17}},"locations":[{"start":{"line":11,"column":16},"end":{"line":11,"column":17}}]},"7":{"type":"branch","line":12,"loc":{"start":{"line":12,"column":60},"end":{"line":12,"column":61}},"locations":[{"start":{"line":12,"column":60},"end":{"line":12,"column":61}}]},"8":{"type":"branch","line":12,"loc":{"start":{"line":12,"column":60},"end":{"line":14,"column":61}},"locations":[{"start":{"line":12,"column":60},"end":{"line":14,"column":61}}]},"9":{"type":"branch","line":13,"loc":{"start":{"line":13,"column":16},"end":{"line":13,"column":17}},"locations":[{"start":{"line":13,"column":16},"end":{"line":13,"column":17}}]},"10":{"type":"branch","line":14,"loc":{"start":{"line":14,"column":60},"end":{"line":14,"column":61}},"locations":[{"start":{"line":14,"column":60},"end":{"line":14,"column":61}}]},"11":{"type":"branch","line":14,"loc":{"start":{"line":14,"column":60},"end":{"line":16,"column":55}},"locations":[{"start":{"line":14,"column":60},"end":{"line":16,"column":55}}]},"12":{"type":"branch","line":15,"loc":{"start":{"line":15,"column":16},"end":{"line":15,"column":17}},"locations":[{"start":{"line":15,"column":16},"end":{"line":15,"column":17}}]},"13":{"type":"branch","line":16,"loc":{"start":{"line":16,"column":54},"end":{"line":16,"column":55}},"locations":[{"start":{"line":16,"column":54},"end":{"line":16,"column":55}}]},"14":{"type":"branch","line":16,"loc":{"start":{"line":16,"column":54},"end":{"line":18,"column":57}},"locations":[{"start":{"line":16,"column":54},"end":{"line":18,"column":57}}]},"15":{"type":"branch","line":17,"loc":{"start":{"line":17,"column":18},"end":{"line":17,"column":19}},"locations":[{"start":{"line":17,"column":18},"end":{"line":17,"column":19}}]},"16":{"type":"branch","line":18,"loc":{"start":{"line":18,"column":56},"end":{"line":18,"column":57}},"locations":[{"start":{"line":18,"column":56},"end":{"line":18,"column":57}}]},"17":{"type":"branch","line":18,"loc":{"start":{"line":18,"column":56},"end":{"line":20,"column":46}},"locations":[{"start":{"line":18,"column":56},"end":{"line":20,"column":46}}]}},"b":{"0":[26],"1":[18],"2":[8],"3":[19],"4":[7],"5":[9],"6":[0],"7":[0],"8":[7],"9":[0],"10":[0],"11":[5],"12":[0],"13":[0],"14":[5],"15":[0],"16":[0],"17":[0]},"fnMap":{"0":{"name":"Icon","decl":{"start":{"line":9,"column":13},"end":{"line":21,"column":3}},"loc":{"start":{"line":9,"column":13},"end":{"line":21,"column":3}},"line":9}},"f":{"0":26}}
,"C:\\Users\\299802\\Desktop\\PMS\\PMS-UI\\pharmacy-app\\src\\components\\common\\Input\\Input.tsx": {"path":"C:\\Users\\299802\\Desktop\\PMS\\PMS-UI\\pharmacy-app\\src\\components\\common\\Input\\Input.tsx","all":false,"statementMap":{"0":{"start":{"line":1,"column":0},"end":{"line":1,"column":26}},"16":{"start":{"line":17,"column":0},"end":{"line":17,"column":31}},"21":{"start":{"line":22,"column":0},"end":{"line":22,"column":16}},"22":{"start":{"line":23,"column":0},"end":{"line":23,"column":19}},"24":{"start":{"line":25,"column":0},"end":{"line":25,"column":19}},"27":{"start":{"line":28,"column":0},"end":{"line":28,"column":17}},"30":{"start":{"line":31,"column":0},"end":{"line":31,"column":41}},"32":{"start":{"line":33,"column":0},"end":{"line":33,"column":17}},"33":{"start":{"line":34,"column":0},"end":{"line":34,"column":61}},"34":{"start":{"line":35,"column":0},"end":{"line":35,"column":17}},"35":{"start":{"line":36,"column":0},"end":{"line":36,"column":64}},"36":{"start":{"line":37,"column":0},"end":{"line":37,"column":16}},"37":{"start":{"line":38,"column":0},"end":{"line":38,"column":8}},"40":{"start":{"line":41,"column":0},"end":{"line":41,"column":10}},"41":{"start":{"line":42,"column":0},"end":{"line":42,"column":20}},"48":{"start":{"line":49,"column":0},"end":{"line":49,"column":20}},"54":{"start":{"line":55,"column":0},"end":{"line":55,"column":14}},"56":{"start":{"line":57,"column":0},"end":{"line":57,"column":57}},"57":{"start":{"line":58,"column":0},"end":{"line":58,"column":22}},"58":{"start":{"line":59,"column":0},"end":{"line":59,"column":10}},"61":{"start":{"line":62,"column":0},"end":{"line":62,"column":22}},"62":{"start":{"line":63,"column":0},"end":{"line":63,"column":42}},"63":{"start":{"line":64,"column":0},"end":{"line":64,"column":22}},"64":{"start":{"line":65,"column":0},"end":{"line":65,"column":17}},"65":{"start":{"line":66,"column":0},"end":{"line":66,"column":10}},"68":{"start":{"line":69,"column":0},"end":{"line":69,"column":14}},"69":{"start":{"line":70,"column":0},"end":{"line":70,"column":21}},"70":{"start":{"line":71,"column":0},"end":{"line":71,"column":23}},"71":{"start":{"line":72,"column":0},"end":{"line":72,"column":29}},"72":{"start":{"line":73,"column":0},"end":{"line":73,"column":35}},"73":{"start":{"line":74,"column":0},"end":{"line":74,"column":29}},"74":{"start":{"line":75,"column":0},"end":{"line":75,"column":21}},"81":{"start":{"line":82,"column":0},"end":{"line":82,"column":11}},"82":{"start":{"line":83,"column":0},"end":{"line":83,"column":10}},"85":{"start":{"line":86,"column":0},"end":{"line":86,"column":23}},"86":{"start":{"line":87,"column":0},"end":{"line":87,"column":42}},"87":{"start":{"line":88,"column":0},"end":{"line":88,"column":23}},"88":{"start":{"line":89,"column":0},"end":{"line":89,"column":17}},"89":{"start":{"line":90,"column":0},"end":{"line":90,"column":10}},"90":{"start":{"line":91,"column":0},"end":{"line":91,"column":12}},"93":{"start":{"line":94,"column":0},"end":{"line":94,"column":17}},"94":{"start":{"line":95,"column":0},"end":{"line":95,"column":49}},"95":{"start":{"line":96,"column":0},"end":{"line":96,"column":17}},"96":{"start":{"line":97,"column":0},"end":{"line":97,"column":12}},"97":{"start":{"line":98,"column":0},"end":{"line":98,"column":8}},"98":{"start":{"line":99,"column":0},"end":{"line":99,"column":10}}},"s":{"0":1,"16":7,"21":7,"22":7,"24":7,"27":7,"30":7,"32":7,"33":2,"34":2,"35":2,"36":2,"37":7,"40":7,"41":7,"48":7,"54":7,"56":7,"57":7,"58":7,"61":7,"62":1,"63":1,"64":1,"65":7,"68":7,"69":7,"70":7,"71":7,"72":7,"73":7,"74":7,"81":7,"82":7,"85":7,"86":1,"87":1,"88":1,"89":7,"90":7,"93":7,"94":1,"95":1,"96":1,"97":7,"98":7},"branchMap":{"0":{"type":"branch","line":17,"loc":{"start":{"line":17,"column":0},"end":{"line":99,"column":10}},"locations":[{"start":{"line":17,"column":0},"end":{"line":99,"column":10}}]},"1":{"type":"branch","line":22,"loc":{"start":{"line":22,"column":2},"end":{"line":22,"column":16}},"locations":[{"start":{"line":22,"column":2},"end":{"line":22,"column":16}}]},"2":{"type":"branch","line":23,"loc":{"start":{"line":23,"column":2},"end":{"line":23,"column":19}},"locations":[{"start":{"line":23,"column":2},"end":{"line":23,"column":19}}]},"3":{"type":"branch","line":23,"loc":{"start":{"line":23,"column":2},"end":{"line":23,"column":19}},"locations":[{"start":{"line":23,"column":2},"end":{"line":23,"column":19}}]},"4":{"type":"branch","line":25,"loc":{"start":{"line":25,"column":2},"end":{"line":25,"column":19}},"locations":[{"start":{"line":25,"column":2},"end":{"line":25,"column":19}}]},"5":{"type":"branch","line":25,"loc":{"start":{"line":25,"column":2},"end":{"line":25,"column":19}},"locations":[{"start":{"line":25,"column":2},"end":{"line":25,"column":19}}]},"6":{"type":"branch","line":28,"loc":{"start":{"line":28,"column":2},"end":{"line":28,"column":16}},"locations":[{"start":{"line":28,"column":2},"end":{"line":28,"column":16}}]},"7":{"type":"branch","line":28,"loc":{"start":{"line":28,"column":16},"end":{"line":28,"column":17}},"locations":[{"start":{"line":28,"column":16},"end":{"line":28,"column":17}}]},"8":{"type":"branch","line":33,"loc":{"start":{"line":33,"column":7},"end":{"line":37,"column":16}},"locations":[{"start":{"line":33,"column":7},"end":{"line":37,"column":16}}]},"9":{"type":"branch","line":36,"loc":{"start":{"line":36,"column":11},"end":{"line":36,"column":64}},"locations":[{"start":{"line":36,"column":11},"end":{"line":36,"column":64}}]},"10":{"type":"branch","line":38,"loc":{"start":{"line":38,"column":7},"end":{"line":38,"column":8}},"locations":[{"start":{"line":38,"column":7},"end":{"line":38,"column":8}}]},"11":{"type":"branch","line":49,"loc":{"start":{"line":49,"column":12},"end":{"line":49,"column":20}},"locations":[{"start":{"line":49,"column":12},"end":{"line":49,"column":20}}]},"12":{"type":"branch","line":49,"loc":{"start":{"line":49,"column":12},"end":{"line":49,"column":20}},"locations":[{"start":{"line":49,"column":12},"end":{"line":49,"column":20}}]},"13":{"type":"branch","line":57,"loc":{"start":{"line":57,"column":12},"end":{"line":57,"column":56}},"locations":[{"start":{"line":57,"column":12},"end":{"line":57,"column":56}}]},"14":{"type":"branch","line":57,"loc":{"start":{"line":57,"column":12},"end":{"line":57,"column":56}},"locations":[{"start":{"line":57,"column":12},"end":{"line":57,"column":56}}]},"15":{"type":"branch","line":62,"loc":{"start":{"line":62,"column":9},"end":{"line":65,"column":17}},"locations":[{"start":{"line":62,"column":9},"end":{"line":65,"column":17}}]},"16":{"type":"branch","line":66,"loc":{"start":{"line":66,"column":9},"end":{"line":66,"column":10}},"locations":[{"start":{"line":66,"column":9},"end":{"line":66,"column":10}}]},"17":{"type":"branch","line":66,"loc":{"start":{"line":66,"column":9},"end":{"line":66,"column":10}},"locations":[{"start":{"line":66,"column":9},"end":{"line":66,"column":10}}]},"18":{"type":"branch","line":66,"loc":{"start":{"line":66,"column":9},"end":{"line":66,"column":10}},"locations":[{"start":{"line":66,"column":9},"end":{"line":66,"column":10}}]},"19":{"type":"branch","line":66,"loc":{"start":{"line":66,"column":9},"end":{"line":66,"column":10}},"locations":[{"start":{"line":66,"column":9},"end":{"line":66,"column":10}}]},"20":{"type":"branch","line":66,"loc":{"start":{"line":66,"column":9},"end":{"line":66,"column":10}},"locations":[{"start":{"line":66,"column":9},"end":{"line":66,"column":10}}]},"21":{"type":"branch","line":86,"loc":{"start":{"line":86,"column":9},"end":{"line":89,"column":17}},"locations":[{"start":{"line":86,"column":9},"end":{"line":89,"column":17}}]},"22":{"type":"branch","line":90,"loc":{"start":{"line":90,"column":9},"end":{"line":90,"column":10}},"locations":[{"start":{"line":90,"column":9},"end":{"line":90,"column":10}}]},"23":{"type":"branch","line":90,"loc":{"start":{"line":90,"column":9},"end":{"line":90,"column":10}},"locations":[{"start":{"line":90,"column":9},"end":{"line":90,"column":10}}]},"24":{"type":"branch","line":90,"loc":{"start":{"line":90,"column":9},"end":{"line":90,"column":10}},"locations":[{"start":{"line":90,"column":9},"end":{"line":90,"column":10}}]},"25":{"type":"branch","line":90,"loc":{"start":{"line":90,"column":9},"end":{"line":90,"column":10}},"locations":[{"start":{"line":90,"column":9},"end":{"line":90,"column":10}}]},"26":{"type":"branch","line":94,"loc":{"start":{"line":94,"column":7},"end":{"line":97,"column":12}},"locations":[{"start":{"line":94,"column":7},"end":{"line":97,"column":12}}]},"27":{"type":"branch","line":98,"loc":{"start":{"line":98,"column":7},"end":{"line":98,"column":8}},"locations":[{"start":{"line":98,"column":7},"end":{"line":98,"column":8}}]},"28":{"type":"branch","line":98,"loc":{"start":{"line":98,"column":7},"end":{"line":98,"column":8}},"locations":[{"start":{"line":98,"column":7},"end":{"line":98,"column":8}}]},"29":{"type":"branch","line":98,"loc":{"start":{"line":98,"column":7},"end":{"line":98,"column":8}},"locations":[{"start":{"line":98,"column":7},"end":{"line":98,"column":8}}]}},"b":{"0":[7],"1":[0],"2":[6],"3":[1],"4":[6],"5":[1],"6":[0],"7":[0],"8":[2],"9":[1],"10":[0],"11":[1],"12":[6],"13":[1],"14":[6],"15":[1],"16":[0],"17":[0],"18":[0],"19":[0],"20":[0],"21":[1],"22":[0],"23":[0],"24":[0],"25":[0],"26":[1],"27":[0],"28":[0],"29":[0]},"fnMap":{"0":{"name":"Input","decl":{"start":{"line":17,"column":0},"end":{"line":99,"column":10}},"loc":{"start":{"line":17,"column":0},"end":{"line":99,"column":10}},"line":17}},"f":{"0":7}}
,"C:\\Users\\299802\\Desktop\\PMS\\PMS-UI\\pharmacy-app\\src\\components\\common\\Logo\\Logo.tsx": {"path":"C:\\Users\\299802\\Desktop\\PMS\\PMS-UI\\pharmacy-app\\src\\components\\common\\Logo\\Logo.tsx","all":false,"statementMap":{"0":{"start":{"line":1,"column":0},"end":{"line":1,"column":26}},"39":{"start":{"line":40,"column":0},"end":{"line":40,"column":30}},"41":{"start":{"line":42,"column":0},"end":{"line":42,"column":13}},"42":{"start":{"line":43,"column":0},"end":{"line":43,"column":16}},"43":{"start":{"line":44,"column":0},"end":{"line":44,"column":18}},"44":{"start":{"line":45,"column":0},"end":{"line":45,"column":12}},"45":{"start":{"line":46,"column":0},"end":{"line":46,"column":17}},"46":{"start":{"line":47,"column":0},"end":{"line":47,"column":25}},"49":{"start":{"line":50,"column":0},"end":{"line":50,"column":8}},"50":{"start":{"line":51,"column":0},"end":{"line":51,"column":38}},"51":{"start":{"line":52,"column":0},"end":{"line":52,"column":64}},"52":{"start":{"line":53,"column":0},"end":{"line":53,"column":22}},"55":{"start":{"line":56,"column":0},"end":{"line":56,"column":56}},"56":{"start":{"line":57,"column":0},"end":{"line":57,"column":18}},"57":{"start":{"line":58,"column":0},"end":{"line":58,"column":15}},"58":{"start":{"line":59,"column":0},"end":{"line":59,"column":65}},"59":{"start":{"line":60,"column":0},"end":{"line":60,"column":56}},"61":{"start":{"line":62,"column":0},"end":{"line":62,"column":18}},"62":{"start":{"line":63,"column":0},"end":{"line":63,"column":17}},"63":{"start":{"line":64,"column":0},"end":{"line":64,"column":10}},"64":{"start":{"line":65,"column":0},"end":{"line":65,"column":12}},"67":{"start":{"line":68,"column":0},"end":{"line":68,"column":43}},"68":{"start":{"line":69,"column":0},"end":{"line":69,"column":12}},"69":{"start":{"line":70,"column":0},"end":{"line":70,"column":29}},"70":{"start":{"line":71,"column":0},"end":{"line":71,"column":80}},"73":{"start":{"line":74,"column":0},"end":{"line":74,"column":75}},"74":{"start":{"line":75,"column":0},"end":{"line":75,"column":24}},"75":{"start":{"line":76,"column":0},"end":{"line":76,"column":65}},"76":{"start":{"line":77,"column":0},"end":{"line":77,"column":24}},"77":{"start":{"line":78,"column":0},"end":{"line":78,"column":19}},"79":{"start":{"line":80,"column":0},"end":{"line":80,"column":14}},"80":{"start":{"line":81,"column":0},"end":{"line":81,"column":8}},"81":{"start":{"line":82,"column":0},"end":{"line":82,"column":10}}},"s":{"0":1,"39":9,"41":9,"42":9,"43":9,"44":9,"45":9,"46":9,"49":9,"50":9,"51":9,"52":9,"55":9,"56":9,"57":2,"58":2,"59":2,"61":2,"62":2,"63":9,"64":9,"67":9,"68":6,"69":6,"70":6,"73":6,"74":6,"75":2,"76":2,"77":2,"79":6,"80":9,"81":9},"branchMap":{"0":{"type":"branch","line":40,"loc":{"start":{"line":40,"column":0},"end":{"line":82,"column":10}},"locations":[{"start":{"line":40,"column":0},"end":{"line":82,"column":10}}]},"1":{"type":"branch","line":42,"loc":{"start":{"line":42,"column":2},"end":{"line":42,"column":13}},"locations":[{"start":{"line":42,"column":2},"end":{"line":42,"column":13}}]},"2":{"type":"branch","line":42,"loc":{"start":{"line":42,"column":2},"end":{"line":42,"column":13}},"locations":[{"start":{"line":42,"column":2},"end":{"line":42,"column":13}}]},"3":{"type":"branch","line":43,"loc":{"start":{"line":43,"column":2},"end":{"line":43,"column":16}},"locations":[{"start":{"line":43,"column":2},"end":{"line":43,"column":16}}]},"4":{"type":"branch","line":43,"loc":{"start":{"line":43,"column":2},"end":{"line":43,"column":16}},"locations":[{"start":{"line":43,"column":2},"end":{"line":43,"column":16}}]},"5":{"type":"branch","line":44,"loc":{"start":{"line":44,"column":2},"end":{"line":44,"column":18}},"locations":[{"start":{"line":44,"column":2},"end":{"line":44,"column":18}}]},"6":{"type":"branch","line":44,"loc":{"start":{"line":44,"column":2},"end":{"line":44,"column":18}},"locations":[{"start":{"line":44,"column":2},"end":{"line":44,"column":18}}]},"7":{"type":"branch","line":45,"loc":{"start":{"line":45,"column":2},"end":{"line":45,"column":12}},"locations":[{"start":{"line":45,"column":2},"end":{"line":45,"column":12}}]},"8":{"type":"branch","line":45,"loc":{"start":{"line":45,"column":2},"end":{"line":45,"column":12}},"locations":[{"start":{"line":45,"column":2},"end":{"line":45,"column":12}}]},"9":{"type":"branch","line":46,"loc":{"start":{"line":46,"column":2},"end":{"line":46,"column":17}},"locations":[{"start":{"line":46,"column":2},"end":{"line":46,"column":17}}]},"10":{"type":"branch","line":46,"loc":{"start":{"line":46,"column":2},"end":{"line":46,"column":17}},"locations":[{"start":{"line":46,"column":2},"end":{"line":46,"column":17}}]},"11":{"type":"branch","line":47,"loc":{"start":{"line":47,"column":2},"end":{"line":47,"column":25}},"locations":[{"start":{"line":47,"column":2},"end":{"line":47,"column":25}}]},"12":{"type":"branch","line":47,"loc":{"start":{"line":47,"column":2},"end":{"line":47,"column":25}},"locations":[{"start":{"line":47,"column":2},"end":{"line":47,"column":25}}]},"13":{"type":"branch","line":52,"loc":{"start":{"line":52,"column":22},"end":{"line":52,"column":63}},"locations":[{"start":{"line":52,"column":22},"end":{"line":52,"column":63}}]},"14":{"type":"branch","line":52,"loc":{"start":{"line":52,"column":8},"end":{"line":52,"column":22}},"locations":[{"start":{"line":52,"column":8},"end":{"line":52,"column":22}}]},"15":{"type":"branch","line":53,"loc":{"start":{"line":53,"column":21},"end":{"line":53,"column":22}},"locations":[{"start":{"line":53,"column":21},"end":{"line":53,"column":22}}]},"16":{"type":"branch","line":57,"loc":{"start":{"line":57,"column":9},"end":{"line":63,"column":17}},"locations":[{"start":{"line":57,"column":9},"end":{"line":63,"column":17}}]},"17":{"type":"branch","line":64,"loc":{"start":{"line":64,"column":9},"end":{"line":64,"column":10}},"locations":[{"start":{"line":64,"column":9},"end":{"line":64,"column":10}}]},"18":{"type":"branch","line":68,"loc":{"start":{"line":68,"column":7},"end":{"line":68,"column":43}},"locations":[{"start":{"line":68,"column":7},"end":{"line":68,"column":43}}]},"19":{"type":"branch","line":68,"loc":{"start":{"line":68,"column":20},"end":{"line":68,"column":43}},"locations":[{"start":{"line":68,"column":20},"end":{"line":68,"column":43}}]},"20":{"type":"branch","line":68,"loc":{"start":{"line":68,"column":20},"end":{"line":80,"column":14}},"locations":[{"start":{"line":68,"column":20},"end":{"line":80,"column":14}}]},"21":{"type":"branch","line":71,"loc":{"start":{"line":71,"column":26},"end":{"line":71,"column":79}},"locations":[{"start":{"line":71,"column":26},"end":{"line":71,"column":79}}]},"22":{"type":"branch","line":71,"loc":{"start":{"line":71,"column":12},"end":{"line":71,"column":26}},"locations":[{"start":{"line":71,"column":12},"end":{"line":71,"column":26}}]},"23":{"type":"branch","line":74,"loc":{"start":{"line":74,"column":11},"end":{"line":74,"column":75}},"locations":[{"start":{"line":74,"column":11},"end":{"line":74,"column":75}}]},"24":{"type":"branch","line":75,"loc":{"start":{"line":75,"column":11},"end":{"line":78,"column":19}},"locations":[{"start":{"line":75,"column":11},"end":{"line":78,"column":19}}]},"25":{"type":"branch","line":81,"loc":{"start":{"line":81,"column":7},"end":{"line":81,"column":8}},"locations":[{"start":{"line":81,"column":7},"end":{"line":81,"column":8}}]},"26":{"type":"branch","line":81,"loc":{"start":{"line":81,"column":7},"end":{"line":81,"column":8}},"locations":[{"start":{"line":81,"column":7},"end":{"line":81,"column":8}}]},"27":{"type":"branch","line":81,"loc":{"start":{"line":81,"column":7},"end":{"line":81,"column":8}},"locations":[{"start":{"line":81,"column":7},"end":{"line":81,"column":8}}]}},"b":{"0":[9],"1":[3],"2":[6],"3":[6],"4":[3],"5":[7],"6":[2],"7":[8],"8":[1],"9":[8],"10":[1],"11":[8],"12":[1],"13":[8],"14":[1],"15":[0],"16":[2],"17":[0],"18":[8],"19":[3],"20":[6],"21":[5],"22":[1],"23":[5],"24":[2],"25":[0],"26":[0],"27":[0]},"fnMap":{"0":{"name":"Logo","decl":{"start":{"line":40,"column":0},"end":{"line":82,"column":10}},"loc":{"start":{"line":40,"column":0},"end":{"line":82,"column":10}},"line":40}},"f":{"0":9}}
,"C:\\Users\\299802\\Desktop\\PMS\\PMS-UI\\pharmacy-app\\src\\components\\common\\Modal\\Modal.tsx": {"path":"C:\\Users\\299802\\Desktop\\PMS\\PMS-UI\\pharmacy-app\\src\\components\\common\\Modal\\Modal.tsx","all":false,"statementMap":{"0":{"start":{"line":1,"column":0},"end":{"line":1,"column":26}},"9":{"start":{"line":10,"column":0},"end":{"line":10,"column":81}},"10":{"start":{"line":11,"column":0},"end":{"line":11,"column":27}},"13":{"start":{"line":14,"column":0},"end":{"line":14,"column":85}},"14":{"start":{"line":15,"column":0},"end":{"line":15,"column":67}},"15":{"start":{"line":16,"column":0},"end":{"line":16,"column":74}},"16":{"start":{"line":17,"column":0},"end":{"line":17,"column":18}},"18":{"start":{"line":19,"column":0},"end":{"line":19,"column":47}},"19":{"start":{"line":20,"column":0},"end":{"line":20,"column":17}},"20":{"start":{"line":21,"column":0},"end":{"line":21,"column":29}},"21":{"start":{"line":22,"column":0},"end":{"line":22,"column":71}},"22":{"start":{"line":23,"column":0},"end":{"line":23,"column":11}},"24":{"start":{"line":25,"column":0},"end":{"line":25,"column":19}},"25":{"start":{"line":26,"column":0},"end":{"line":26,"column":14}},"27":{"start":{"line":28,"column":0},"end":{"line":28,"column":12}},"28":{"start":{"line":29,"column":0},"end":{"line":29,"column":10}}},"s":{"0":1,"9":5,"10":5,"13":4,"14":4,"15":4,"16":4,"18":4,"19":4,"20":4,"21":4,"22":4,"24":4,"25":4,"27":4,"28":4},"branchMap":{"0":{"type":"branch","line":10,"loc":{"start":{"line":10,"column":0},"end":{"line":29,"column":10}},"locations":[{"start":{"line":10,"column":0},"end":{"line":29,"column":10}}]},"1":{"type":"branch","line":11,"loc":{"start":{"line":11,"column":13},"end":{"line":11,"column":27}},"locations":[{"start":{"line":11,"column":13},"end":{"line":11,"column":27}}]},"2":{"type":"branch","line":11,"loc":{"start":{"line":11,"column":26},"end":{"line":16,"column":74}},"locations":[{"start":{"line":11,"column":26},"end":{"line":16,"column":74}}]},"3":{"type":"branch","line":16,"loc":{"start":{"line":16,"column":9},"end":{"line":16,"column":73}},"locations":[{"start":{"line":16,"column":9},"end":{"line":16,"column":73}}]},"4":{"type":"branch","line":16,"loc":{"start":{"line":16,"column":73},"end":{"line":16,"column":74}},"locations":[{"start":{"line":16,"column":73},"end":{"line":16,"column":74}}]},"5":{"type":"branch","line":16,"loc":{"start":{"line":16,"column":73},"end":{"line":26,"column":14}},"locations":[{"start":{"line":16,"column":73},"end":{"line":26,"column":14}}]},"6":{"type":"branch","line":27,"loc":{"start":{"line":27,"column":-2},"end":{"line":29,"column":10}},"locations":[{"start":{"line":27,"column":-2},"end":{"line":29,"column":10}}]}},"b":{"0":[5],"1":[1],"2":[4],"3":[1],"4":[0],"5":[4],"6":[1]},"fnMap":{"0":{"name":"Modal","decl":{"start":{"line":10,"column":0},"end":{"line":29,"column":10}},"loc":{"start":{"line":10,"column":0},"end":{"line":29,"column":10}},"line":10}},"f":{"0":5}}
,"C:\\Users\\299802\\Desktop\\PMS\\PMS-UI\\pharmacy-app\\src\\components\\common\\PrescriptionCard\\PrescriptionCard.tsx": {"path":"C:\\Users\\299802\\Desktop\\PMS\\PMS-UI\\pharmacy-app\\src\\components\\common\\PrescriptionCard\\PrescriptionCard.tsx","all":false,"statementMap":{"0":{"start":{"line":1,"column":0},"end":{"line":1,"column":26}},"13":{"start":{"line":14,"column":0},"end":{"line":14,"column":60}},"23":{"start":{"line":24,"column":0},"end":{"line":24,"column":21}},"24":{"start":{"line":25,"column":0},"end":{"line":25,"column":23}},"26":{"start":{"line":27,"column":0},"end":{"line":27,"column":26}},"28":{"start":{"line":29,"column":0},"end":{"line":29,"column":30}},"30":{"start":{"line":31,"column":0},"end":{"line":31,"column":36}},"33":{"start":{"line":34,"column":0},"end":{"line":34,"column":78}},"34":{"start":{"line":35,"column":0},"end":{"line":35,"column":62}},"35":{"start":{"line":36,"column":0},"end":{"line":36,"column":70}},"36":{"start":{"line":37,"column":0},"end":{"line":37,"column":20}},"37":{"start":{"line":38,"column":0},"end":{"line":38,"column":71}},"38":{"start":{"line":39,"column":0},"end":{"line":39,"column":20}},"39":{"start":{"line":40,"column":0},"end":{"line":40,"column":17}},"40":{"start":{"line":41,"column":0},"end":{"line":41,"column":10}},"41":{"start":{"line":42,"column":0},"end":{"line":42,"column":12}},"42":{"start":{"line":43,"column":0},"end":{"line":43,"column":57}},"43":{"start":{"line":44,"column":0},"end":{"line":44,"column":58}},"44":{"start":{"line":45,"column":0},"end":{"line":45,"column":35}},"45":{"start":{"line":46,"column":0},"end":{"line":46,"column":66}},"46":{"start":{"line":47,"column":0},"end":{"line":47,"column":8}},"48":{"start":{"line":49,"column":0},"end":{"line":49,"column":43}},"49":{"start":{"line":50,"column":0},"end":{"line":50,"column":32}},"50":{"start":{"line":51,"column":0},"end":{"line":51,"column":17}},"51":{"start":{"line":52,"column":0},"end":{"line":52,"column":37}},"52":{"start":{"line":53,"column":0},"end":{"line":53,"column":90}},"54":{"start":{"line":55,"column":0},"end":{"line":55,"column":32}},"55":{"start":{"line":56,"column":0},"end":{"line":56,"column":19}},"56":{"start":{"line":57,"column":0},"end":{"line":57,"column":10}},"57":{"start":{"line":58,"column":0},"end":{"line":58,"column":27}},"58":{"start":{"line":59,"column":0},"end":{"line":59,"column":17}},"59":{"start":{"line":60,"column":0},"end":{"line":60,"column":35}},"60":{"start":{"line":61,"column":0},"end":{"line":61,"column":93}},"61":{"start":{"line":62,"column":0},"end":{"line":62,"column":11}},"63":{"start":{"line":64,"column":0},"end":{"line":64,"column":19}},"64":{"start":{"line":65,"column":0},"end":{"line":65,"column":10}},"65":{"start":{"line":66,"column":0},"end":{"line":66,"column":12}},"66":{"start":{"line":67,"column":0},"end":{"line":67,"column":10}},"70":{"start":{"line":71,"column":0},"end":{"line":71,"column":32}}},"s":{"0":1,"13":1,"23":9,"24":9,"26":7,"28":9,"30":9,"33":9,"34":9,"35":9,"36":9,"37":2,"38":2,"39":2,"40":9,"41":9,"42":9,"43":9,"44":9,"45":1,"46":9,"48":9,"49":9,"50":2,"51":2,"52":2,"54":2,"55":2,"56":9,"57":9,"58":2,"59":2,"60":2,"61":2,"63":2,"64":9,"65":9,"66":9,"70":1},"branchMap":{"0":{"type":"branch","line":14,"loc":{"start":{"line":14,"column":58},"end":{"line":67,"column":10}},"locations":[{"start":{"line":
[...]
mn":0},"end":{"line":8,"column":47}},"8":{"start":{"line":9,"column":0},"end":{"line":9,"column":33}},"10":{"start":{"line":11,"column":0},"end":{"line":11,"column":10}},"11":{"start":{"line":12,"column":0},"end":{"line":12,"column":31}},"13":{"start":{"line":14,"column":0},"end":{"line":14,"column":20}},"14":{"start":{"line":15,"column":0},"end":{"line":15,"column":36}},"15":{"start":{"line":16,"column":0},"end":{"line":16,"column":58}},"16":{"start":{"line":17,"column":0},"end":{"line":17,"column":16}},"17":{"start":{"line":18,"column":0},"end":{"line":18,"column":64}},"19":{"start":{"line":20,"column":0},"end":{"line":20,"column":19}},"21":{"start":{"line":22,"column":0},"end":{"line":22,"column":8}},"24":{"start":{"line":25,"column":0},"end":{"line":25,"column":61}},"25":{"start":{"line":26,"column":0},"end":{"line":26,"column":62}},"26":{"start":{"line":27,"column":0},"end":{"line":27,"column":60}},"27":{"start":{"line":28,"column":0},"end":{"line":28,"column":51}},"28":{"start":{"line":29,"column":0},"end":{"line":29,"column":47}},"29":{"start":{"line":30,"column":0},"end":{"line":30,"column":12}},"32":{"start":{"line":33,"column":0},"end":{"line":33,"column":47}},"33":{"start":{"line":34,"column":0},"end":{"line":34,"column":68}},"35":{"start":{"line":36,"column":0},"end":{"line":36,"column":14}},"36":{"start":{"line":37,"column":0},"end":{"line":37,"column":20}},"37":{"start":{"line":38,"column":0},"end":{"line":38,"column":39}},"38":{"start":{"line":39,"column":0},"end":{"line":39,"column":49}},"39":{"start":{"line":40,"column":0},"end":{"line":40,"column":13}},"40":{"start":{"line":41,"column":0},"end":{"line":41,"column":28}},"41":{"start":{"line":42,"column":0},"end":{"line":42,"column":30}},"42":{"start":{"line":43,"column":0},"end":{"line":43,"column":57}},"43":{"start":{"line":44,"column":0},"end":{"line":44,"column":14}},"44":{"start":{"line":45,"column":0},"end":{"line":45,"column":43}},"45":{"start":{"line":46,"column":0},"end":{"line":46,"column":12}},"46":{"start":{"line":47,"column":0},"end":{"line":47,"column":17}},"47":{"start":{"line":48,"column":0},"end":{"line":48,"column":13}},"48":{"start":{"line":49,"column":0},"end":{"line":49,"column":26}},"49":{"start":{"line":50,"column":0},"end":{"line":50,"column":34}},"50":{"start":{"line":51,"column":0},"end":{"line":51,"column":32}},"51":{"start":{"line":52,"column":0},"end":{"line":52,"column":28}},"52":{"start":{"line":53,"column":0},"end":{"line":53,"column":14}},"53":{"start":{"line":54,"column":0},"end":{"line":54,"column":13}},"54":{"start":{"line":55,"column":0},"end":{"line":55,"column":26}},"55":{"start":{"line":56,"column":0},"end":{"line":56,"column":36}},"56":{"start":{"line":57,"column":0},"end":{"line":57,"column":34}},"57":{"start":{"line":58,"column":0},"end":{"line":58,"column":28}},"58":{"start":{"line":59,"column":0},"end":{"line":59,"column":14}},"59":{"start":{"line":60,"column":0},"end":{"line":60,"column":12}},"60":{"start":{"line":61,"column":0},"end":{"line":61,"column":10}},"61":{"start":{"line":62,"column":0},"end":{"line":62,"column":12}},"62":{"start":{"line":63,"column":0},"end":{"line":63,"column":10}},"64":{"start":{"line":65,"column":0},"end":{"line":65,"column":1}}},"s":{"0":0,"1":0,"2":0,"3":0,"4":0,"5":0,"7":0,"8":0,"10":0,"11":0,"13":0,"14":0,"15":0,"16":0,"17":0,"19":0,"21":0,"24":0,"25":0,"26":0,"27":0,"28":0,"29":0,"32":0,"33":0,"35":0,"36":0,"37":0,"38":0,"39":0,"40":0,"41":0,"42":0,"43":0,"44":0,"45":0,"46":0,"47":0,"48":0,"49":0,"50":0,"51":0,"52":0,"53":0,"54":0,"55":0,"56":0,"57":0,"58":0,"59":0,"60":0,"61":0,"62":0,"64":0},"branchMap":{"0":{"type":"branch","line":1,"loc":{"start":{"line":1,"column":2016},"end":{"line":65,"column":1}},"locations":[{"start":{"line":1,"column":2016},"end":{"line":65,"column":1}}]}},"b":{"0":[0]},"fnMap":{"0":{"name":"(empty-report)","decl":{"start":{"line":1,"column":2016},"end":{"line":65,"column":1}},"loc":{"start":{"line":1,"column":2016},"end":{"line":65,"column":1}},"line":1}},"f":{"0":0}}
,"C:\\Users\\299802\\Desktop\\PMS\\PMS-UI\\pharmacy-app\\src\\pages\\TechnicianDashboard.tsx": {"path":"C:\\Users\\299802\\Desktop\\PMS\\PMS-UI\\pharmacy-app\\src\\pages\\TechnicianDashboard.tsx","all":true,"statementMap":{"0":{"start":{"line":1,"column":0},"end":{"line":1,"column":47}},"1":{"start":{"line":2,"column":0},"end":{"line":2,"column":39}},"2":{"start":{"line":3,"column":0},"end":{"line":3,"column":1}}},"s":{"0":0,"1":0,"2":0},"branchMap":{"0":{"type":"branch","line":1,"loc":{"start":{"line":1,"column":91},"end":{"line":3,"column":1}},"locations":[{"start":{"line":1,"column":91},"end":{"line":3,"column":1}}]}},"b":{"0":[0]},"fnMap":{"0":{"name":"(empty-report)","decl":{"start":{"line":1,"column":91},"end":{"line":3,"column":1}},"loc":{"start":{"line":1,"column":91},"end":{"line":3,"column":1}},"line":1}},"f":{"0":0}}
,"C:\\Users\\299802\\Desktop\\PMS\\PMS-UI\\pharmacy-app\\src\\routes\\AppRoutes.tsx": {"path":"C:\\Users\\299802\\Desktop\\PMS\\PMS-UI\\pharmacy-app\\src\\routes\\AppRoutes.tsx","all":true,"statementMap":{"0":{"start":{"line":1,"column":0},"end":{"line":1,"column":59}},"1":{"start":{"line":2,"column":0},"end":{"line":2,"column":46}},"2":{"start":{"line":3,"column":0},"end":{"line":3,"column":56}},"3":{"start":{"line":4,"column":0},"end":{"line":4,"column":43}},"4":{"start":{"line":5,"column":0},"end":{"line":5,"column":63}},"5":{"start":{"line":6,"column":0},"end":{"line":6,"column":84}},"6":{"start":{"line":7,"column":0},"end":{"line":7,"column":92}},"7":{"start":{"line":8,"column":0},"end":{"line":8,"column":63}},"9":{"start":{"line":10,"column":0},"end":{"line":10,"column":37}},"10":{"start":{"line":11,"column":0},"end":{"line":11,"column":10}},"11":{"start":{"line":12,"column":0},"end":{"line":12,"column":12}},"12":{"start":{"line":13,"column":0},"end":{"line":13,"column":53}},"14":{"start":{"line":15,"column":0},"end":{"line":15,"column":69}},"15":{"start":{"line":16,"column":0},"end":{"line":16,"column":55}},"16":{"start":{"line":17,"column":0},"end":{"line":17,"column":75}},"17":{"start":{"line":18,"column":0},"end":{"line":18,"column":16}},"18":{"start":{"line":19,"column":0},"end":{"line":19,"column":14}},"20":{"start":{"line":21,"column":0},"end":{"line":21,"column":72}},"21":{"start":{"line":22,"column":0},"end":{"line":22,"column":58}},"22":{"start":{"line":23,"column":0},"end":{"line":23,"column":75}},"23":{"start":{"line":24,"column":0},"end":{"line":24,"column":70}},"24":{"start":{"line":25,"column":0},"end":{"line":25,"column":69}},"25":{"start":{"line":26,"column":0},"end":{"line":26,"column":78}},"26":{"start":{"line":27,"column":0},"end":{"line":27,"column":16}},"27":{"start":{"line":28,"column":0},"end":{"line":28,"column":14}},"29":{"start":{"line":30,"column":0},"end":{"line":30,"column":72}},"30":{"start":{"line":31,"column":0},"end":{"line":31,"column":58}},"31":{"start":{"line":32,"column":0},"end":{"line":32,"column":70}},"32":{"start":{"line":33,"column":0},"end":{"line":33,"column":16}},"33":{"start":{"line":34,"column":0},"end":{"line":34,"column":14}},"35":{"start":{"line":36,"column":0},"end":{"line":36,"column":67}},"36":{"start":{"line":37,"column":0},"end":{"line":37,"column":13}},"38":{"start":{"line":39,"column":0},"end":{"line":39,"column":1}}},"s":{"0":0,"1":0,"2":0,"3":0,"4":0,"5":0,"6":0,"7":0,"9":0,"10":0,"11":0,"12":0,"14":0,"15":0,"16":0,"17":0,"18":0,"20":0,"21":0,"22":0,"23":0,"24":0,"25":0,"26":0,"27":0,"29":0,"30":0,"31":0,"32":0,"33":0,"35":0,"36":0,"38":0},"branchMap":{"0":{"type":"branch","line":1,"loc":{"start":{"line":1,"column":1690},"end":{"line":39,"column":1}},"locations":[{"start":{"line":1,"column":1690},"end":{"line":39,"column":1}}]}},"b":{"0":[0]},"fnMap":{"0":{"name":"(empty-report)","decl":{"start":{"line":1,"column":1690},"end":{"line":39,"column":1}},"loc":{"start":{"line":1,"column":1690},"end":{"line":39,"column":1}},"line":1}},"f":{"0":0}}
,"C:\\Users\\299802\\Desktop\\PMS\\PMS-UI\\pharmacy-app\\src\\routes\\ProtectedRoute.tsx": {"path":"C:\\Users\\299802\\Desktop\\PMS\\PMS-UI\\pharmacy-app\\src\\routes\\ProtectedRoute.tsx","all":true,"statementMap":{"0":{"start":{"line":1,"column":0},"end":{"line":1,"column":42}},"1":{"start":{"line":2,"column":0},"end":{"line":2,"column":52}},"6":{"start":{"line":7,"column":0},"end":{"line":7,"column":65}},"7":{"start":{"line":8,"column":0},"end":{"line":8,"column":58}},"8":{"start":{"line":9,"column":0},"end":{"line":9,"column":53}},"9":{"start":{"line":10,"column":0},"end":{"line":10,"column":58}},"10":{"start":{"line":11,"column":0},"end":{"line":11,"column":20}},"11":{"start":{"line":12,"column":0},"end":{"line":12,"column":29}},"12":{"start":{"line":13,"column":0},"end":{"line":13,"column":30}},"13":{"start":{"line":14,"column":0},"end":{"line":14,"column":36}},"14":{"start":{"line":15,"column":0},"end":{"line":15,"column":33}},"15":{"start":{"line":16,"column":0},"end":{"line":16,"column":34}},"16":{"start":{"line":17,"column":0},"end":{"line":17,"column":46}},"17":{"start":{"line":18,"column":0},"end":{"line":18,"column":3}},"18":{"start":{"line":19,"column":0},"end":{"line":19,"column":20}},"19":{"start":{"line":20,"column":0},"end":{"line":20,"column":1}}},"s":{"0":0,"1":0,"6":0,"7":0,"8":0,"9":0,"10":0,"11":0,"12":0,"13":0,"14":0,"15":0,"16":0,"17":0,"18":0,"19":0},"branchMap":{"0":{"type":"branch","line":1,"loc":{"start":{"line":1,"column":739},"end":{"line":20,"column":1}},"locations":[{"start":{"line":1,"column":739},"end":{"line":20,"column":1}}]}},"b":{"0":[0]},"fnMap":{"0":{"name":"(empty-report)","decl":{"start":{"line":1,"column":739},"end":{"line":20,"column":1}},"loc":{"start":{"line":1,"column":739},"end":{"line":20,"column":1}},"line":1}},"f":{"0":0}}
,"C:\\Users\\299802\\Desktop\\PMS\\PMS-UI\\pharmacy-app\\src\\store\\index.ts": {"path":"C:\\Users\\299802\\Desktop\\PMS\\PMS-UI\\pharmacy-app\\src\\store\\index.ts","all":true,"statementMap":{"12":{"start":{"line":13,"column":0},"end":{"line":13,"column":50}},"13":{"start":{"line":14,"column":0},"end":{"line":14,"column":43}},"14":{"start":{"line":15,"column":0},"end":{"line":15,"column":37}},"15":{"start":{"line":16,"column":0},"end":{"line":16,"column":76}},"16":{"start":{"line":17,"column":0},"end":{"line":17,"column":61}},"18":{"start":{"line":19,"column":0},"end":{"line":19,"column":51}},"19":{"start":{"line":20,"column":0},"end":{"line":20,"column":47}},"21":{"start":{"line":22,"column":0},"end":{"line":22,"column":69}},"22":{"start":{"line":23,"column":0},"end":{"line":23,"column":63}},"24":{"start":{"line":25,"column":0},"end":{"line":25,"column":37}},"25":{"start":{"line":26,"column":0},"end":{"line":26,"column":12}},"26":{"start":{"line":27,"column":0},"end":{"line":27,"column":24}},"27":{"start":{"line":28,"column":0},"end":{"line":28,"column":20}},"28":{"start":{"line":29,"column":0},"end":{"line":29,"column":4}},"29":{"start":{"line":30,"column":0},"end":{"line":30,"column":39}},"30":{"start":{"line":31,"column":0},"end":{"line":31,"column":26}},"31":{"start":{"line":32,"column":0},"end":{"line":32,"column":61}},"32":{"start":{"line":33,"column":0},"end":{"line":33,"column":7}},"33":{"start":{"line":34,"column":0},"end":{"line":34,"column":3}},"35":{"start":{"line":36,"column":0},"end":{"line":36,"column":45}}},"s":{"12":0,"13":0,"14":0,"15":0,"16":0,"18":0,"19":0,"21":0,"22":0,"24":0,"25":0,"26":0,"27":0,"28":0,"29":0,"30":0,"31":0,"32":0,"33":0,"35":0},"branchMap":{"0":{"type":"branch","line":1,"loc":{"start":{"line":1,"column":1331},"end":{"line":39,"column":48}},"locations":[{"start":{"line":1,"column":1331},"end":{"line":39,"column":48}}]}},"b":{"0":[1]},"fnMap":{"0":{"name":"(empty-report)","decl":{"start":{"line":1,"column":1331},"end":{"line":39,"column":48}},"loc":{"start":{"line":1,"column":1331},"end":{"line":39,"column":48}},"line":1}},"f":{"0":1}}
,"C:\\Users\\299802\\Desktop\\PMS\\PMS-UI\\pharmacy-app\\src\\store\\auth\\authSlice.ts": {"path":"C:\\Users\\299802\\Desktop\\PMS\\PMS-UI\\pharmacy-app\\src\\store\\auth\\authSlice.ts","all":true,"statementMap":{"0":{"start":{"line":1,"column":0},"end":{"line":1,"column":65}},"1":{"start":{"line":2,"column":0},"end":{"line":2,"column":39}},"2":{"start":{"line":3,"column":0},"end":{"line":3,"column":65}},"4":{"start":{"line":5,"column":0},"end":{"line":5,"column":120}},"5":{"start":{"line":6,"column":0},"end":{"line":6,"column":37}},"6":{"start":{"line":7,"column":0},"end":{"line":7,"column":3}},"8":{"start":{"line":9,"column":0},"end":{"line":9,"column":75}},"9":{"start":{"line":10,"column":0},"end":{"line":10,"column":28}},"10":{"start":{"line":11,"column":0},"end":{"line":11,"column":3}},"12":{"start":{"line":13,"column":0},"end":{"line":13,"column":73}},"13":{"start":{"line":14,"column":0},"end":{"line":14,"column":20}},"14":{"start":{"line":15,"column":0},"end":{"line":15,"column":3}},"28":{"start":{"line":29,"column":0},"end":{"line":29,"column":82}},"30":{"start":{"line":31,"column":0},"end":{"line":31,"column":27}},"31":{"start":{"line":32,"column":0},"end":{"line":32,"column":15}},"32":{"start":{"line":33,"column":0},"end":{"line":33,"column":15}},"33":{"start":{"line":34,"column":0},"end":{"line":34,"column":13}},"34":{"start":{"line":35,"column":0},"end":{"line":35,"column":19}},"35":{"start":{"line":36,"column":0},"end":{"line":36,"column":24}},"36":{"start":{"line":37,"column":0},"end":{"line":37,"column":31}},"37":{"start":{"line":38,"column":0},"end":{"line":38,"column":28}},"38":{"start":{"line":39,"column":0},"end":{"line":39,"column":6}},"39":{"start":{"line":40,"column":0},"end":{"line":40,"column":4}},"40":{"start":{"line":41,"column":0},"end":{"line":41,"column":25}},"41":{"start":{"line":42,"column":0},"end":{"line":42,"column":41}},"42":{"start":{"line":43,"column":0},"end":{"line":43,"column":27}},"43":{"start":{"line":44,"column":0},"end":{"line":44,"column":26}},"44":{"start":{"line":45,"column":0},"end":{"line":45,"column":6}},"45":{"start":{"line":46,"column":0},"end":{"line":46,"column":47}},"46":{"start":{"line":47,"column":0},"end":{"line":47,"column":31}},"47":{"start":{"line":48,"column":0},"end":{"line":48,"column":46}},"48":{"start":{"line":49,"column":0},"end":{"line":49,"column":71}},"49":{"start":{"line":50,"column":0},"end":{"line":50,"column":114}},"50":{"start":{"line":51,"column":0},"end":{"line":51,"column":8}},"51":{"start":{"line":52,"column":0},"end":{"line":52,"column":46}},"52":{"start":{"line":53,"column":0},"end":{"line":53,"column":28}},"53":{"start":{"line":54,"column":0},"end":{"line":54,"column":34}},"54":{"start":{"line":55,"column":0},"end":{"line":55,"column":8}},"55":{"start":{"line":56,"column":0},"end":{"line":56,"column":51}},"56":{"start":{"line":57,"column":0},"end":{"line":57,"column":46}},"57":{"start":{"line":58,"column":0},"end":{"line":58,"column":71}},"58":{"start":{"line":59,"column":0},"end":{"line":59,"column":114}},"59":{"start":{"line":60,"column":0},"end":{"line":60,"column":8}},"60":{"start":{"line":61,"column":0},"end":{"line":61,"column":47}},"61":{"start":{"line":62,"column":0},"end":{"line":62,"column":22}},"62":{"start":{"line":63,"column":0},"end":{"line":63,"column":29}},"63":{"start":{"line":64,"column":0},"end":{"line":64,"column":26}},"64":{"start":{"line":65,"column":0},"end":{"line":65,"column":9}},"65":{"start":{"line":66,"column":0},"end":{"line":66,"column":4}},"66":{"start":{"line":67,"column":0},"end":{"line":67,"column":3}},"68":{"start":{"line":69,"column":0},"end":{"line":69,"column":40}},"69":{"start":{"line":70,"column":0},"end":{"line":70,"column":29}}},"s":{"0":0,"1":0,"2":0,"4":0,"5":0,"6":0,"8":0,"9":0,"10":0,"12":0,"13":0,"14":0,"28":0,"30":0,"31":0,"32":0,"33":0,"34":0,"35":0,"36":0,"37":0,"38":0,"39":0,"40":0,"41":0,"42":0,"43":0,"44":0,"45":0,"46":0,"47":0,"48":0,"49":0,"50":0,"51":0,"52":0,"53":0,"54":0,"55":0,"56":0,"57":0,"58":0,"59":0,"60":0,"61":0,"62":0,"63":0,"64":0,"65":0,"66":0,"68":0,"69":0},"branchMap":{"0":{"type":"branch","line":1,"loc":{"start":{"line":1,"column":2284},"end":{"line":70,"column":29}},"locations":[{"start":{"line":1,"column":2284},"end":{"line":70,"column":29}}]}},"b":{"0":[0]},"fnMap":{"0":{"name":"(empty-report)","decl":{"start":{"line":1,"column":2284},"end":{"line":70,"column":29}},"loc":{"start":{"line":1,"column":2284},"end":{"line":70,"column":29}},"line":1}},"f":{"0":0}}
,"C:\\Users\\299802\\Desktop\\PMS\\PMS-UI\\pharmacy-app\\src\\store\\auth\\authtype.ts": {"path":"C:\\Users\\299802\\Desktop\\PMS\\PMS-UI\\pharmacy-app\\src\\store\\auth\\authtype.ts","all":true,"statementMap":{},"s":{},"branchMap":{"0":{"type":"branch","line":1,"loc":{"start":{"line":1,"column":171},"end":{"line":8,"column":1}},"locations":[{"start":{"line":1,"column":171},"end":{"line":8,"column":1}}]}},"b":{"0":[1]},"fnMap":{"0":{"name":"(empty-report)","decl":{"start":{"line":1,"column":171},"end":{"line":8,"column":1}},"loc":{"start":{"line":1,"column":171},"end":{"line":8,"column":1}},"line":1}},"f":{"0":1}}
,"C:\\Users\\299802\\Desktop\\PMS\\PMS-UI\\pharmacy-app\\src\\store\\ui\\uiSlice.ts": {"path":"C:\\Users\\299802\\Desktop\\PMS\\PMS-UI\\pharmacy-app\\src\\store\\ui\\uiSlice.ts","all":true,"statementMap":{"0":{"start":{"line":1,"column":0},"end":{"line":1,"column":47}},"6":{"start":{"line":7,"column":0},"end":{"line":7,"column":31}},"7":{"start":{"line":8,"column":0},"end":{"line":8,"column":26}},"8":{"start":{"line":9,"column":0},"end":{"line":9,"column":2}},"10":{"start":{"line":11,"column":0},"end":{"line":11,"column":29}},"11":{"start":{"line":12,"column":0},"end":{"line":12,"column":13}},"12":{"start":{"line":13,"column":0},"end":{"line":13,"column":15}},"13":{"start":{"line":14,"column":0},"end":{"line":14,"column":13}},"14":{"start":{"line":15,"column":0},"end":{"line":15,"column":26}},"15":{"start":{"line":16,"column":0},"end":{"line":16,"column":55}},"16":{"start":{"line":17,"column":0},"end":{"line":17,"column":6}},"17":{"start":{"line":18,"column":0},"end":{"line":18,"column":31}},"18":{"start":{"line":19,"column":0},"end":{"line":19,"column":46}},"19":{"start":{"line":20,"column":0},"end":{"line":20,"column":6}},"20":{"start":{"line":21,"column":0},"end":{"line":21,"column":4}},"21":{"start":{"line":22,"column":0},"end":{"line":22,"column":3}},"23":{"start":{"line":24,"column":0},"end":{"line":24,"column":61}},"24":{"start":{"line":25,"column":0},"end":{"line":25,"column":31}}},"s":{"0":0,"6":0,"7":0,"8":0,"10":0,"11":0,"12":0,"13":0,"14":0,"15":0,"16":0,"17":0,"18":0,"19":0,"20":0,"21":0,"23":0,"24":0},"branchMap":{"0":{"type":"branch","line":1,"loc":{"start":{"line":1,"column":541},"end":{"line":25,"column":31}},"locations":[{"start":{"line":1,"column":541},"end":{"line":25,"column":31}}]}},"b":{"0":[0]},"fnMap":{"0":{"name":"(empty-report)","decl":{"start":{"line":1,"column":541},"end":{"line":25,"column":31}},"loc":{"start":{"line":1,"column":541},"end":{"line":25,"column":31}},"line":1}},"f":{"0":0}}
,"C:\\Users\\299802\\Desktop\\PMS\\PMS-UI\\pharmacy-app\\src\\utils\\format.ts": {"path":"C:\\Users\\299802\\Desktop\\PMS\\PMS-UI\\pharmacy-app\\src\\utils\\format.ts","all":true,"statementMap":{"0":{"start":{"line":1,"column":0},"end":{"line":1,"column":41}},"1":{"start":{"line":2,"column":0},"end":{"line":2,"column":7}},"2":{"start":{"line":3,"column":0},"end":{"line":3,"column":46}},"3":{"start":{"line":4,"column":0},"end":{"line":4,"column":11}},"4":{"start":{"line":5,"column":0},"end":{"line":5,"column":15}},"5":{"start":{"line":6,"column":0},"end":{"line":6,"column":3}},"6":{"start":{"line":7,"column":0},"end":{"line":7,"column":1}}},"s":{"0":0,"1":0,"2":0,"3":0,"4":0,"5":0,"6":0},"branchMap":{"0":{"type":"branch","line":1,"loc":{"start":{"line":1,"column":136},"end":{"line":7,"column":1}},"locations":[{"start":{"line":1,"column":136},"end":{"line":7,"column":1}}]}},"b":{"0":[0]},"fnMap":{"0":{"name":"(empty-report)","decl":{"start":{"line":1,"column":136},"end":{"line":7,"column":1}},"loc":{"start":{"line":1,"column":136},"end":{"line":7,"column":1}},"line":1}},"f":{"0":0}}
}
